[0.948s] DEBUG:colcon:Command line arguments: ['/usr/bin/colcon', 'build']
[0.948s] DEBUG:colcon:Parsed command line arguments: Namespace(log_base=None, log_level=None, verb_name='build', build_base='build', install_base='install', merge_install=False, symlink_install=False, test_result_base=None, continue_on_error=False, executor='parallel', parallel_workers=4, event_handlers=None, ignore_user_meta=False, metas=['./colcon.meta'], base_paths=['.'], packages_ignore=None, packages_ignore_regex=None, paths=None, packages_up_to=None, packages_up_to_regex=None, packages_above=None, packages_above_and_dependencies=None, packages_above_depth=None, packages_select_by_dep=None, packages_skip_by_dep=None, packages_skip_up_to=None, packages_select_build_failed=False, packages_skip_build_finished=False, packages_select_test_failures=False, packages_skip_test_passed=False, packages_select=None, packages_skip=None, packages_select_regex=None, packages_skip_regex=None, packages_start=None, packages_end=None, allow_overriding=[], cmake_args=None, cmake_target=None, cmake_target_skip_unavailable=False, cmake_clean_cache=False, cmake_clean_first=False, cmake_force_configure=False, ament_cmake_args=None, catkin_cmake_args=None, catkin_skip_building_tests=False, verb_parser=<colcon_defaults.argument_parser.defaults.DefaultArgumentsDecorator object at 0x7f2d0728f730>, verb_extension=<colcon_core.verb.build.BuildVerb object at 0x7f2d07b16a40>, main=<bound method BuildVerb.main of <colcon_core.verb.build.BuildVerb object at 0x7f2d07b16a40>>)
[1.023s] Level 1:colcon.colcon_core.package_discovery:discover_packages(colcon_meta) check parameters
[1.024s] Level 1:colcon.colcon_core.package_discovery:discover_packages(recursive) check parameters
[1.024s] Level 1:colcon.colcon_core.package_discovery:discover_packages(ignore) check parameters
[1.024s] Level 1:colcon.colcon_core.package_discovery:discover_packages(path) check parameters
[1.024s] Level 1:colcon.colcon_core.package_discovery:discover_packages(colcon_meta) discover
[1.024s] Level 1:colcon.colcon_core.package_discovery:discover_packages(recursive) discover
[1.024s] INFO:colcon.colcon_core.package_discovery:Crawling recursively for packages in '/home/linux/ENPM808X/beginner_tutorials/ros2_ws'
[1.024s] Level 1:colcon.colcon_core.package_identification:_identify(.) by extensions ['ignore', 'ignore_ament_install']
[1.025s] Level 1:colcon.colcon_core.package_identification:_identify(.) by extension 'ignore'
[1.025s] Level 1:colcon.colcon_core.package_identification:_identify(.) by extension 'ignore_ament_install'
[1.025s] Level 1:colcon.colcon_core.package_identification:_identify(.) by extensions ['colcon_pkg']
[1.025s] Level 1:colcon.colcon_core.package_identification:_identify(.) by extension 'colcon_pkg'
[1.025s] Level 1:colcon.colcon_core.package_identification:_identify(.) by extensions ['colcon_meta']
[1.025s] Level 1:colcon.colcon_core.package_identification:_identify(.) by extension 'colcon_meta'
[1.026s] Level 1:colcon.colcon_core.package_identification:_identify(.) by extensions ['ros']
[1.026s] Level 1:colcon.colcon_core.package_identification:_identify(.) by extension 'ros'
[1.045s] Level 1:colcon.colcon_core.package_identification:_identify(.) by extensions ['cmake', 'python']
[1.045s] Level 1:colcon.colcon_core.package_identification:_identify(.) by extension 'cmake'
[1.045s] Level 1:colcon.colcon_core.package_identification:_identify(.) by extension 'python'
[1.045s] Level 1:colcon.colcon_core.package_identification:_identify(.) by extensions ['python_setup_py']
[1.045s] Level 1:colcon.colcon_core.package_identification:_identify(.) by extension 'python_setup_py'
[1.045s] Level 1:colcon.colcon_core.package_identification:_identify(build) by extensions ['ignore', 'ignore_ament_install']
[1.046s] Level 1:colcon.colcon_core.package_identification:_identify(build) by extension 'ignore'
[1.046s] Level 1:colcon.colcon_core.package_identification:_identify(build) ignored
[1.046s] Level 1:colcon.colcon_core.package_identification:_identify(install) by extensions ['ignore', 'ignore_ament_install']
[1.046s] Level 1:colcon.colcon_core.package_identification:_identify(install) by extension 'ignore'
[1.046s] Level 1:colcon.colcon_core.package_identification:_identify(install) ignored
[1.046s] Level 1:colcon.colcon_core.package_identification:_identify(log) by extensions ['ignore', 'ignore_ament_install']
[1.046s] Level 1:colcon.colcon_core.package_identification:_identify(log) by extension 'ignore'
[1.046s] Level 1:colcon.colcon_core.package_identification:_identify(log) ignored
[1.047s] Level 1:colcon.colcon_core.package_identification:_identify(src) by extensions ['ignore', 'ignore_ament_install']
[1.047s] Level 1:colcon.colcon_core.package_identification:_identify(src) by extension 'ignore'
[1.047s] Level 1:colcon.colcon_core.package_identification:_identify(src) by extension 'ignore_ament_install'
[1.047s] Level 1:colcon.colcon_core.package_identification:_identify(src) by extensions ['colcon_pkg']
[1.047s] Level 1:colcon.colcon_core.package_identification:_identify(src) by extension 'colcon_pkg'
[1.047s] Level 1:colcon.colcon_core.package_identification:_identify(src) by extensions ['colcon_meta']
[1.047s] Level 1:colcon.colcon_core.package_identification:_identify(src) by extension 'colcon_meta'
[1.047s] Level 1:colcon.colcon_core.package_identification:_identify(src) by extensions ['ros']
[1.047s] Level 1:colcon.colcon_core.package_identification:_identify(src) by extension 'ros'
[1.047s] Level 1:colcon.colcon_core.package_identification:_identify(src) by extensions ['cmake', 'python']
[1.047s] Level 1:colcon.colcon_core.package_identification:_identify(src) by extension 'cmake'
[1.047s] Level 1:colcon.colcon_core.package_identification:_identify(src) by extension 'python'
[1.048s] Level 1:colcon.colcon_core.package_identification:_identify(src) by extensions ['python_setup_py']
[1.048s] Level 1:colcon.colcon_core.package_identification:_identify(src) by extension 'python_setup_py'
[1.048s] Level 1:colcon.colcon_core.package_identification:_identify(src/launch) by extensions ['ignore', 'ignore_ament_install']
[1.048s] Level 1:colcon.colcon_core.package_identification:_identify(src/launch) by extension 'ignore'
[1.048s] Level 1:colcon.colcon_core.package_identification:_identify(src/launch) by extension 'ignore_ament_install'
[1.048s] Level 1:colcon.colcon_core.package_identification:_identify(src/launch) by extensions ['colcon_pkg']
[1.048s] Level 1:colcon.colcon_core.package_identification:_identify(src/launch) by extension 'colcon_pkg'
[1.048s] Level 1:colcon.colcon_core.package_identification:_identify(src/launch) by extensions ['colcon_meta']
[1.048s] Level 1:colcon.colcon_core.package_identification:_identify(src/launch) by extension 'colcon_meta'
[1.048s] Level 1:colcon.colcon_core.package_identification:_identify(src/launch) by extensions ['ros']
[1.048s] Level 1:colcon.colcon_core.package_identification:_identify(src/launch) by extension 'ros'
[1.048s] Level 1:colcon.colcon_core.package_identification:_identify(src/launch) by extensions ['cmake', 'python']
[1.048s] Level 1:colcon.colcon_core.package_identification:_identify(src/launch) by extension 'cmake'
[1.049s] Level 1:colcon.colcon_core.package_identification:_identify(src/launch) by extension 'python'
[1.049s] Level 1:colcon.colcon_core.package_identification:_identify(src/launch) by extensions ['python_setup_py']
[1.049s] Level 1:colcon.colcon_core.package_identification:_identify(src/launch) by extension 'python_setup_py'
[1.049s] Level 1:colcon.colcon_core.package_identification:_identify(src/launch/__pycache__) by extensions ['ignore', 'ignore_ament_install']
[1.049s] Level 1:colcon.colcon_core.package_identification:_identify(src/launch/__pycache__) by extension 'ignore'
[1.049s] Level 1:colcon.colcon_core.package_identification:_identify(src/launch/__pycache__) by extension 'ignore_ament_install'
[1.049s] Level 1:colcon.colcon_core.package_identification:_identify(src/launch/__pycache__) by extensions ['colcon_pkg']
[1.049s] Level 1:colcon.colcon_core.package_identification:_identify(src/launch/__pycache__) by extension 'colcon_pkg'
[1.049s] Level 1:colcon.colcon_core.package_identification:_identify(src/launch/__pycache__) by extensions ['colcon_meta']
[1.049s] Level 1:colcon.colcon_core.package_identification:_identify(src/launch/__pycache__) by extension 'colcon_meta'
[1.049s] Level 1:colcon.colcon_core.package_identification:_identify(src/launch/__pycache__) by extensions ['ros']
[1.049s] Level 1:colcon.colcon_core.package_identification:_identify(src/launch/__pycache__) by extension 'ros'
[1.050s] Level 1:colcon.colcon_core.package_identification:_identify(src/launch/__pycache__) by extensions ['cmake', 'python']
[1.050s] Level 1:colcon.colcon_core.package_identification:_identify(src/launch/__pycache__) by extension 'cmake'
[1.050s] Level 1:colcon.colcon_core.package_identification:_identify(src/launch/__pycache__) by extension 'python'
[1.050s] Level 1:colcon.colcon_core.package_identification:_identify(src/launch/__pycache__) by extensions ['python_setup_py']
[1.050s] Level 1:colcon.colcon_core.package_identification:_identify(src/launch/__pycache__) by extension 'python_setup_py'
[1.050s] Level 1:colcon.colcon_core.package_identification:_identify(src/learning_tf2_cpp) by extensions ['ignore', 'ignore_ament_install']
[1.050s] Level 1:colcon.colcon_core.package_identification:_identify(src/learning_tf2_cpp) by extension 'ignore'
[1.050s] Level 1:colcon.colcon_core.package_identification:_identify(src/learning_tf2_cpp) by extension 'ignore_ament_install'
[1.050s] Level 1:colcon.colcon_core.package_identification:_identify(src/learning_tf2_cpp) by extensions ['colcon_pkg']
[1.050s] Level 1:colcon.colcon_core.package_identification:_identify(src/learning_tf2_cpp) by extension 'colcon_pkg'
[1.050s] Level 1:colcon.colcon_core.package_identification:_identify(src/learning_tf2_cpp) by extensions ['colcon_meta']
[1.050s] Level 1:colcon.colcon_core.package_identification:_identify(src/learning_tf2_cpp) by extension 'colcon_meta'
[1.051s] Level 1:colcon.colcon_core.package_identification:_identify(src/learning_tf2_cpp) by extensions ['ros']
[1.051s] Level 1:colcon.colcon_core.package_identification:_identify(src/learning_tf2_cpp) by extension 'ros'
[1.056s] DEBUG:colcon.colcon_core.package_identification:Package 'src/learning_tf2_cpp' with type 'ros.ament_cmake' and name 'learning_tf2_cpp'
[1.056s] Level 1:colcon.colcon_core.package_identification:_identify(src/week11) by extensions ['ignore', 'ignore_ament_install']
[1.056s] Level 1:colcon.colcon_core.package_identification:_identify(src/week11) by extension 'ignore'
[1.056s] Level 1:colcon.colcon_core.package_identification:_identify(src/week11) by extension 'ignore_ament_install'
[1.056s] Level 1:colcon.colcon_core.package_identification:_identify(src/week11) by extensions ['colcon_pkg']
[1.056s] Level 1:colcon.colcon_core.package_identification:_identify(src/week11) by extension 'colcon_pkg'
[1.056s] Level 1:colcon.colcon_core.package_identification:_identify(src/week11) by extensions ['colcon_meta']
[1.056s] Level 1:colcon.colcon_core.package_identification:_identify(src/week11) by extension 'colcon_meta'
[1.056s] Level 1:colcon.colcon_core.package_identification:_identify(src/week11) by extensions ['ros']
[1.056s] Level 1:colcon.colcon_core.package_identification:_identify(src/week11) by extension 'ros'
[1.057s] DEBUG:colcon.colcon_core.package_identification:Package 'src/week11' with type 'ros.ament_cmake' and name 'week11'
[1.058s] Level 1:colcon.colcon_core.package_discovery:discover_packages(recursive) using defaults
[1.058s] Level 1:colcon.colcon_core.package_discovery:discover_packages(ignore) discover
[1.058s] Level 1:colcon.colcon_core.package_discovery:discover_packages(ignore) using defaults
[1.058s] Level 1:colcon.colcon_core.package_discovery:discover_packages(path) discover
[1.058s] Level 1:colcon.colcon_core.package_discovery:discover_packages(path) using defaults
[1.142s] Level 1:colcon.colcon_core.package_discovery:discover_packages(prefix_path) check parameters
[1.142s] Level 1:colcon.colcon_core.package_discovery:discover_packages(prefix_path) discover
[1.215s] DEBUG:colcon.colcon_installed_package_information.package_discovery:Found 340 installed packages in /home/linux/ros2_humble/install
[1.220s] DEBUG:colcon.colcon_installed_package_information.package_discovery:Found 386 installed packages in /opt/ros/humble
[1.233s] Level 1:colcon.colcon_core.package_discovery:discover_packages(prefix_path) using defaults
[1.537s] Level 5:colcon.colcon_core.verb:set package 'learning_tf2_cpp' build argument 'cmake_args' from command line to 'None'
[1.537s] Level 5:colcon.colcon_core.verb:set package 'learning_tf2_cpp' build argument 'cmake_target' from command line to 'None'
[1.538s] Level 5:colcon.colcon_core.verb:set package 'learning_tf2_cpp' build argument 'cmake_target_skip_unavailable' from command line to 'False'
[1.538s] Level 5:colcon.colcon_core.verb:set package 'learning_tf2_cpp' build argument 'cmake_clean_cache' from command line to 'False'
[1.538s] Level 5:colcon.colcon_core.verb:set package 'learning_tf2_cpp' build argument 'cmake_clean_first' from command line to 'False'
[1.538s] Level 5:colcon.colcon_core.verb:set package 'learning_tf2_cpp' build argument 'cmake_force_configure' from command line to 'False'
[1.538s] Level 5:colcon.colcon_core.verb:set package 'learning_tf2_cpp' build argument 'ament_cmake_args' from command line to 'None'
[1.538s] Level 5:colcon.colcon_core.verb:set package 'learning_tf2_cpp' build argument 'catkin_cmake_args' from command line to 'None'
[1.538s] Level 5:colcon.colcon_core.verb:set package 'learning_tf2_cpp' build argument 'catkin_skip_building_tests' from command line to 'False'
[1.538s] DEBUG:colcon.colcon_core.verb:Building package 'learning_tf2_cpp' with the following arguments: {'ament_cmake_args': None, 'build_base': '/home/linux/ENPM808X/beginner_tutorials/ros2_ws/build/learning_tf2_cpp', 'catkin_cmake_args': None, 'catkin_skip_building_tests': False, 'cmake_args': None, 'cmake_clean_cache': False, 'cmake_clean_first': False, 'cmake_force_configure': False, 'cmake_target': None, 'cmake_target_skip_unavailable': False, 'install_base': '/home/linux/ENPM808X/beginner_tutorials/ros2_ws/install/learning_tf2_cpp', 'merge_install': False, 'path': '/home/linux/ENPM808X/beginner_tutorials/ros2_ws/src/learning_tf2_cpp', 'symlink_install': False, 'test_result_base': None}
[1.539s] Level 5:colcon.colcon_core.verb:set package 'week11' build argument 'cmake_args' from command line to 'None'
[1.540s] Level 5:colcon.colcon_core.verb:set package 'week11' build argument 'cmake_target' from command line to 'None'
[1.540s] Level 5:colcon.colcon_core.verb:set package 'week11' build argument 'cmake_target_skip_unavailable' from command line to 'False'
[1.540s] Level 5:colcon.colcon_core.verb:set package 'week11' build argument 'cmake_clean_cache' from command line to 'False'
[1.540s] Level 5:colcon.colcon_core.verb:set package 'week11' build argument 'cmake_clean_first' from command line to 'False'
[1.540s] Level 5:colcon.colcon_core.verb:set package 'week11' build argument 'cmake_force_configure' from command line to 'False'
[1.540s] Level 5:colcon.colcon_core.verb:set package 'week11' build argument 'ament_cmake_args' from command line to 'None'
[1.540s] Level 5:colcon.colcon_core.verb:set package 'week11' build argument 'catkin_cmake_args' from command line to 'None'
[1.540s] Level 5:colcon.colcon_core.verb:set package 'week11' build argument 'catkin_skip_building_tests' from command line to 'False'
[1.540s] DEBUG:colcon.colcon_core.verb:Building package 'week11' with the following arguments: {'ament_cmake_args': None, 'build_base': '/home/linux/ENPM808X/beginner_tutorials/ros2_ws/build/week11', 'catkin_cmake_args': None, 'catkin_skip_building_tests': False, 'cmake_args': None, 'cmake_clean_cache': False, 'cmake_clean_first': False, 'cmake_force_configure': False, 'cmake_target': None, 'cmake_target_skip_unavailable': False, 'install_base': '/home/linux/ENPM808X/beginner_tutorials/ros2_ws/install/week11', 'merge_install': False, 'path': '/home/linux/ENPM808X/beginner_tutorials/ros2_ws/src/week11', 'symlink_install': False, 'test_result_base': None}
[1.541s] INFO:colcon.colcon_core.executor:Executing jobs using 'parallel' executor
[1.549s] DEBUG:colcon.colcon_parallel_executor.executor.parallel:run_until_complete
[1.549s] INFO:colcon.colcon_ros.task.ament_cmake.build:Building ROS package in '/home/linux/ENPM808X/beginner_tutorials/ros2_ws/src/learning_tf2_cpp' with build type 'ament_cmake'
[1.549s] INFO:colcon.colcon_cmake.task.cmake.build:Building CMake package in '/home/linux/ENPM808X/beginner_tutorials/ros2_ws/src/learning_tf2_cpp'
[1.567s] INFO:colcon.colcon_core.plugin_system:Skipping extension 'colcon_core.shell.bat': Not used on non-Windows systems
[1.568s] INFO:colcon.colcon_core.shell:Skip shell extension 'powershell' for command environment: Not usable outside of PowerShell
[1.568s] DEBUG:colcon.colcon_core.shell:Skip shell extension 'dsv' for command environment
[1.599s] INFO:colcon.colcon_ros.task.ament_cmake.build:Building ROS package in '/home/linux/ENPM808X/beginner_tutorials/ros2_ws/src/week11' with build type 'ament_cmake'
[1.599s] INFO:colcon.colcon_cmake.task.cmake.build:Building CMake package in '/home/linux/ENPM808X/beginner_tutorials/ros2_ws/src/week11'
[1.605s] INFO:colcon.colcon_core.shell:Skip shell extension 'powershell' for command environment: Not usable outside of PowerShell
[1.605s] DEBUG:colcon.colcon_core.shell:Skip shell extension 'dsv' for command environment
[1.643s] DEBUG:colcon.colcon_core.event_handler.log_command:Invoking command in '/home/linux/ENPM808X/beginner_tutorials/ros2_ws/build/learning_tf2_cpp': CMAKE_PREFIX_PATH=${CMAKE_PREFIX_PATH}:/home/linux/ros2_humble/install/rqt_bag_plugins:/home/linux/ros2_humble/install/rqt_bag:/home/linux/ros2_humble/install/ros2bag:/home/linux/ros2_humble/install/tracetools_test:/home/linux/ros2_humble/install/tracetools_launch:/home/linux/ros2_humble/install/topic_monitor:/home/linux/ros2_humble/install/tf2_tools:/home/linux/ros2_humble/install/examples_tf2_py:/home/linux/ros2_humble/install/tf2_ros_py:/home/linux/ros2_humble/install/sros2:/home/linux/ros2_humble/install/rqt_topic:/home/linux/ros2_humble/install/rqt_srv:/home/linux/ros2_humble/install/rqt_shell:/home/linux/ros2_humble/install/rqt_service_caller:/home/linux/ros2_humble/install/rqt_reconfigure:/home/linux/ros2_humble/install/rqt_py_console:/home/linux/ros2_humble/install/rqt_publisher:/home/linux/ros2_humble/install/rqt_plot:/home/linux/ros2_humble/install/rqt_action:/home/linux/ros2_humble/install/rqt_msg:/home/linux/ros2_humble/install/rqt_console:/home/linux/ros2_humble/install/rqt:/home/linux/ros2_humble/install/rqt_graph:/home/linux/ros2_humble/install/rqt_gui_py:/home/linux/ros2_humble/install/rqt_gui:/home/linux/ros2_humble/install/ros2trace:/home/linux/ros2_humble/install/ros2topic:/home/linux/ros2_humble/install/ros2test:/home/linux/ros2_humble/install/ros2component:/home/linux/ros2_humble/install/ros2param:/home/linux/ros2_humble/install/ros2lifecycle:/home/linux/ros2_humble/install/ros2service:/home/linux/ros2_humble/install/ros2run:/home/linux/ros2_humble/install/ros2launch:/home/linux/ros2_humble/install/ros2pkg:/home/linux/ros2_humble/install/ros2node:/home/linux/ros2_humble/install/ros2multicast:/home/linux/ros2_humble/install/ros2interface:/home/linux/ros2_humble/install/ros2doctor:/home/linux/ros2_humble/install/ros2action:/home/linux/ros2_humble/install/ros2cli:/home/linux/ros2_humble/install/quality_of_service_demo_py:/home/linux/ros2_humble/install/lifecycle_py:/home/linux/ros2_humble/install/launch_testing_ros:/home/linux/ros2_humble/install/launch_ros:/home/linux/ros2_humble/install/examples_rclpy_pointcloud_publisher:/home/linux/ros2_humble/install/examples_rclpy_minimal_subscriber:/home/linux/ros2_humble/install/examples_rclpy_minimal_service:/home/linux/ros2_humble/install/examples_rclpy_minimal_publisher:/home/linux/ros2_humble/install/examples_rclpy_minimal_client:/home/linux/ros2_humble/install/examples_rclpy_minimal_action_server:/home/linux/ros2_humble/install/examples_rclpy_minimal_action_client:/home/linux/ros2_humble/install/examples_rclpy_guard_conditions:/home/linux/ros2_humble/install/examples_rclpy_executors:/home/linux/ros2_humble/install/demo_nodes_py:/home/linux/ros2_humble/install/action_tutorials_py:/home/linux/ros2_humble/install/ament_uncrustify:/home/linux/ros2_humble/install/tracetools_trace:/home/linux/ros2_humble/install/tracetools_read:/home/linux/ros2_humble/install/test_tracetools_launch:/home/linux/ros2_humble/install/test_launch_ros:/home/linux/ros2_humble/install/sensor_msgs_py:/home/linux/ros2_humble/install/rpyutils:/home/linux/ros2_humble/install/rosidl_runtime_py:/home/linux/ros2_humble/install/rosidl_cli:/home/linux/ros2_humble/install/launch_pytest:/home/linux/ros2_humble/install/launch_testing:/home/linux/ros2_humble/install/launch_yaml:/home/linux/ros2_humble/install/launch_xml:/home/linux/ros2_humble/install/launch:/home/linux/ros2_humble/install/osrf_pycommon:/home/linux/ros2_humble/install/launch_testing_examples:/home/linux/ros2_humble/install/domain_coordinator:/home/linux/ros2_humble/install/ament_xmllint:/home/linux/ros2_humble/install/ament_pyflakes:/home/linux/ros2_humble/install/ament_pycodestyle:/home/linux/ros2_humble/install/ament_pep257:/home/linux/ros2_humble/install/ament_pclint:/home/linux/ros2_humble/install/ament_package:/home/linux/ros2_humble/install/ament_mypy:/home/linux/ros2_humble/install/ament_lint_cmake:/home/linux/ros2_humble/install/ament_flake8:/home/linux/ros2_humble/install/ament_copyright:/home/linux/ros2_humble/install/ament_lint:/home/linux/ros2_humble/install/ament_index_python:/home/linux/ros2_humble/install/ament_cpplint:/home/linux/ros2_humble/install/ament_cppcheck:/home/linux/ros2_humble/install/ament_clang_tidy:/home/linux/ros2_humble/install/ament_clang_format:/opt/ros/humble /usr/bin/cmake --build /home/linux/ENPM808X/beginner_tutorials/ros2_ws/build/learning_tf2_cpp -- -j4 -l4
[1.662s] DEBUG:colcon.colcon_core.event_handler.log_command:Invoking command in '/home/linux/ENPM808X/beginner_tutorials/ros2_ws/build/week11': CMAKE_PREFIX_PATH=${CMAKE_PREFIX_PATH}:/home/linux/ros2_humble/install/rqt_bag_plugins:/home/linux/ros2_humble/install/rqt_bag:/home/linux/ros2_humble/install/ros2bag:/home/linux/ros2_humble/install/tracetools_test:/home/linux/ros2_humble/install/tracetools_launch:/home/linux/ros2_humble/install/topic_monitor:/home/linux/ros2_humble/install/tf2_tools:/home/linux/ros2_humble/install/examples_tf2_py:/home/linux/ros2_humble/install/tf2_ros_py:/home/linux/ros2_humble/install/sros2:/home/linux/ros2_humble/install/rqt_topic:/home/linux/ros2_humble/install/rqt_srv:/home/linux/ros2_humble/install/rqt_shell:/home/linux/ros2_humble/install/rqt_service_caller:/home/linux/ros2_humble/install/rqt_reconfigure:/home/linux/ros2_humble/install/rqt_py_console:/home/linux/ros2_humble/install/rqt_publisher:/home/linux/ros2_humble/install/rqt_plot:/home/linux/ros2_humble/install/rqt_action:/home/linux/ros2_humble/install/rqt_msg:/home/linux/ros2_humble/install/rqt_console:/home/linux/ros2_humble/install/rqt:/home/linux/ros2_humble/install/rqt_graph:/home/linux/ros2_humble/install/rqt_gui_py:/home/linux/ros2_humble/install/rqt_gui:/home/linux/ros2_humble/install/ros2trace:/home/linux/ros2_humble/install/ros2topic:/home/linux/ros2_humble/install/ros2test:/home/linux/ros2_humble/install/ros2component:/home/linux/ros2_humble/install/ros2param:/home/linux/ros2_humble/install/ros2lifecycle:/home/linux/ros2_humble/install/ros2service:/home/linux/ros2_humble/install/ros2run:/home/linux/ros2_humble/install/ros2launch:/home/linux/ros2_humble/install/ros2pkg:/home/linux/ros2_humble/install/ros2node:/home/linux/ros2_humble/install/ros2multicast:/home/linux/ros2_humble/install/ros2interface:/home/linux/ros2_humble/install/ros2doctor:/home/linux/ros2_humble/install/ros2action:/home/linux/ros2_humble/install/ros2cli:/home/linux/ros2_humble/install/quality_of_service_demo_py:/home/linux/ros2_humble/install/lifecycle_py:/home/linux/ros2_humble/install/launch_testing_ros:/home/linux/ros2_humble/install/launch_ros:/home/linux/ros2_humble/install/examples_rclpy_pointcloud_publisher:/home/linux/ros2_humble/install/examples_rclpy_minimal_subscriber:/home/linux/ros2_humble/install/examples_rclpy_minimal_service:/home/linux/ros2_humble/install/examples_rclpy_minimal_publisher:/home/linux/ros2_humble/install/examples_rclpy_minimal_client:/home/linux/ros2_humble/install/examples_rclpy_minimal_action_server:/home/linux/ros2_humble/install/examples_rclpy_minimal_action_client:/home/linux/ros2_humble/install/examples_rclpy_guard_conditions:/home/linux/ros2_humble/install/examples_rclpy_executors:/home/linux/ros2_humble/install/demo_nodes_py:/home/linux/ros2_humble/install/action_tutorials_py:/home/linux/ros2_humble/install/ament_uncrustify:/home/linux/ros2_humble/install/tracetools_trace:/home/linux/ros2_humble/install/tracetools_read:/home/linux/ros2_humble/install/test_tracetools_launch:/home/linux/ros2_humble/install/test_launch_ros:/home/linux/ros2_humble/install/sensor_msgs_py:/home/linux/ros2_humble/install/rpyutils:/home/linux/ros2_humble/install/rosidl_runtime_py:/home/linux/ros2_humble/install/rosidl_cli:/home/linux/ros2_humble/install/launch_pytest:/home/linux/ros2_humble/install/launch_testing:/home/linux/ros2_humble/install/launch_yaml:/home/linux/ros2_humble/install/launch_xml:/home/linux/ros2_humble/install/launch:/home/linux/ros2_humble/install/osrf_pycommon:/home/linux/ros2_humble/install/launch_testing_examples:/home/linux/ros2_humble/install/domain_coordinator:/home/linux/ros2_humble/install/ament_xmllint:/home/linux/ros2_humble/install/ament_pyflakes:/home/linux/ros2_humble/install/ament_pycodestyle:/home/linux/ros2_humble/install/ament_pep257:/home/linux/ros2_humble/install/ament_pclint:/home/linux/ros2_humble/install/ament_package:/home/linux/ros2_humble/install/ament_mypy:/home/linux/ros2_humble/install/ament_lint_cmake:/home/linux/ros2_humble/install/ament_flake8:/home/linux/ros2_humble/install/ament_copyright:/home/linux/ros2_humble/install/ament_lint:/home/linux/ros2_humble/install/ament_index_python:/home/linux/ros2_humble/install/ament_cpplint:/home/linux/ros2_humble/install/ament_cppcheck:/home/linux/ros2_humble/install/ament_clang_tidy:/home/linux/ros2_humble/install/ament_clang_format:/opt/ros/humble /usr/bin/cmake --build /home/linux/ENPM808X/beginner_tutorials/ros2_ws/build/week11 -- -j4 -l4
[1.967s] DEBUG:colcon.colcon_core.event_handler.log_command:Invoked command in '/home/linux/ENPM808X/beginner_tutorials/ros2_ws/build/week11' returned '0': CMAKE_PREFIX_PATH=${CMAKE_PREFIX_PATH}:/home/linux/ros2_humble/install/rqt_bag_plugins:/home/linux/ros2_humble/install/rqt_bag:/home/linux/ros2_humble/install/ros2bag:/home/linux/ros2_humble/install/tracetools_test:/home/linux/ros2_humble/install/tracetools_launch:/home/linux/ros2_humble/install/topic_monitor:/home/linux/ros2_humble/install/tf2_tools:/home/linux/ros2_humble/install/examples_tf2_py:/home/linux/ros2_humble/install/tf2_ros_py:/home/linux/ros2_humble/install/sros2:/home/linux/ros2_humble/install/rqt_topic:/home/linux/ros2_humble/install/rqt_srv:/home/linux/ros2_humble/install/rqt_shell:/home/linux/ros2_humble/install/rqt_service_caller:/home/linux/ros2_humble/install/rqt_reconfigure:/home/linux/ros2_humble/install/rqt_py_console:/home/linux/ros2_humble/install/rqt_publisher:/home/linux/ros2_humble/install/rqt_plot:/home/linux/ros2_humble/install/rqt_action:/home/linux/ros2_humble/install/rqt_msg:/home/linux/ros2_humble/install/rqt_console:/home/linux/ros2_humble/install/rqt:/home/linux/ros2_humble/install/rqt_graph:/home/linux/ros2_humble/install/rqt_gui_py:/home/linux/ros2_humble/install/rqt_gui:/home/linux/ros2_humble/install/ros2trace:/home/linux/ros2_humble/install/ros2topic:/home/linux/ros2_humble/install/ros2test:/home/linux/ros2_humble/install/ros2component:/home/linux/ros2_humble/install/ros2param:/home/linux/ros2_humble/install/ros2lifecycle:/home/linux/ros2_humble/install/ros2service:/home/linux/ros2_humble/install/ros2run:/home/linux/ros2_humble/install/ros2launch:/home/linux/ros2_humble/install/ros2pkg:/home/linux/ros2_humble/install/ros2node:/home/linux/ros2_humble/install/ros2multicast:/home/linux/ros2_humble/install/ros2interface:/home/linux/ros2_humble/install/ros2doctor:/home/linux/ros2_humble/install/ros2action:/home/linux/ros2_humble/install/ros2cli:/home/linux/ros2_humble/install/quality_of_service_demo_py:/home/linux/ros2_humble/install/lifecycle_py:/home/linux/ros2_humble/install/launch_testing_ros:/home/linux/ros2_humble/install/launch_ros:/home/linux/ros2_humble/install/examples_rclpy_pointcloud_publisher:/home/linux/ros2_humble/install/examples_rclpy_minimal_subscriber:/home/linux/ros2_humble/install/examples_rclpy_minimal_service:/home/linux/ros2_humble/install/examples_rclpy_minimal_publisher:/home/linux/ros2_humble/install/examples_rclpy_minimal_client:/home/linux/ros2_humble/install/examples_rclpy_minimal_action_server:/home/linux/ros2_humble/install/examples_rclpy_minimal_action_client:/home/linux/ros2_humble/install/examples_rclpy_guard_conditions:/home/linux/ros2_humble/install/examples_rclpy_executors:/home/linux/ros2_humble/install/demo_nodes_py:/home/linux/ros2_humble/install/action_tutorials_py:/home/linux/ros2_humble/install/ament_uncrustify:/home/linux/ros2_humble/install/tracetools_trace:/home/linux/ros2_humble/install/tracetools_read:/home/linux/ros2_humble/install/test_tracetools_launch:/home/linux/ros2_humble/install/test_launch_ros:/home/linux/ros2_humble/install/sensor_msgs_py:/home/linux/ros2_humble/install/rpyutils:/home/linux/ros2_humble/install/rosidl_runtime_py:/home/linux/ros2_humble/install/rosidl_cli:/home/linux/ros2_humble/install/launch_pytest:/home/linux/ros2_humble/install/launch_testing:/home/linux/ros2_humble/install/launch_yaml:/home/linux/ros2_humble/install/launch_xml:/home/linux/ros2_humble/install/launch:/home/linux/ros2_humble/install/osrf_pycommon:/home/linux/ros2_humble/install/launch_testing_examples:/home/linux/ros2_humble/install/domain_coordinator:/home/linux/ros2_humble/install/ament_xmllint:/home/linux/ros2_humble/install/ament_pyflakes:/home/linux/ros2_humble/install/ament_pycodestyle:/home/linux/ros2_humble/install/ament_pep257:/home/linux/ros2_humble/install/ament_pclint:/home/linux/ros2_humble/install/ament_package:/home/linux/ros2_humble/install/ament_mypy:/home/linux/ros2_humble/install/ament_lint_cmake:/home/linux/ros2_humble/install/ament_flake8:/home/linux/ros2_humble/install/ament_copyright:/home/linux/ros2_humble/install/ament_lint:/home/linux/ros2_humble/install/ament_index_python:/home/linux/ros2_humble/install/ament_cpplint:/home/linux/ros2_humble/install/ament_cppcheck:/home/linux/ros2_humble/install/ament_clang_tidy:/home/linux/ros2_humble/install/ament_clang_format:/opt/ros/humble /usr/bin/cmake --build /home/linux/ENPM808X/beginner_tutorials/ros2_ws/build/week11 -- -j4 -l4
[2.111s] DEBUG:colcon.colcon_core.event_handler.log_command:Invoking command in '/home/linux/ENPM808X/beginner_tutorials/ros2_ws/build/week11': CMAKE_PREFIX_PATH=${CMAKE_PREFIX_PATH}:/home/linux/ros2_humble/install/rqt_bag_plugins:/home/linux/ros2_humble/install/rqt_bag:/home/linux/ros2_humble/install/ros2bag:/home/linux/ros2_humble/install/tracetools_test:/home/linux/ros2_humble/install/tracetools_launch:/home/linux/ros2_humble/install/topic_monitor:/home/linux/ros2_humble/install/tf2_tools:/home/linux/ros2_humble/install/examples_tf2_py:/home/linux/ros2_humble/install/tf2_ros_py:/home/linux/ros2_humble/install/sros2:/home/linux/ros2_humble/install/rqt_topic:/home/linux/ros2_humble/install/rqt_srv:/home/linux/ros2_humble/install/rqt_shell:/home/linux/ros2_humble/install/rqt_service_caller:/home/linux/ros2_humble/install/rqt_reconfigure:/home/linux/ros2_humble/install/rqt_py_console:/home/linux/ros2_humble/install/rqt_publisher:/home/linux/ros2_humble/install/rqt_plot:/home/linux/ros2_humble/install/rqt_action:/home/linux/ros2_humble/install/rqt_msg:/home/linux/ros2_humble/install/rqt_console:/home/linux/ros2_humble/install/rqt:/home/linux/ros2_humble/install/rqt_graph:/home/linux/ros2_humble/install/rqt_gui_py:/home/linux/ros2_humble/install/rqt_gui:/home/linux/ros2_humble/install/ros2trace:/home/linux/ros2_humble/install/ros2topic:/home/linux/ros2_humble/install/ros2test:/home/linux/ros2_humble/install/ros2component:/home/linux/ros2_humble/install/ros2param:/home/linux/ros2_humble/install/ros2lifecycle:/home/linux/ros2_humble/install/ros2service:/home/linux/ros2_humble/install/ros2run:/home/linux/ros2_humble/install/ros2launch:/home/linux/ros2_humble/install/ros2pkg:/home/linux/ros2_humble/install/ros2node:/home/linux/ros2_humble/install/ros2multicast:/home/linux/ros2_humble/install/ros2interface:/home/linux/ros2_humble/install/ros2doctor:/home/linux/ros2_humble/install/ros2action:/home/linux/ros2_humble/install/ros2cli:/home/linux/ros2_humble/install/quality_of_service_demo_py:/home/linux/ros2_humble/install/lifecycle_py:/home/linux/ros2_humble/install/launch_testing_ros:/home/linux/ros2_humble/install/launch_ros:/home/linux/ros2_humble/install/examples_rclpy_pointcloud_publisher:/home/linux/ros2_humble/install/examples_rclpy_minimal_subscriber:/home/linux/ros2_humble/install/examples_rclpy_minimal_service:/home/linux/ros2_humble/install/examples_rclpy_minimal_publisher:/home/linux/ros2_humble/install/examples_rclpy_minimal_client:/home/linux/ros2_humble/install/examples_rclpy_minimal_action_server:/home/linux/ros2_humble/install/examples_rclpy_minimal_action_client:/home/linux/ros2_humble/install/examples_rclpy_guard_conditions:/home/linux/ros2_humble/install/examples_rclpy_executors:/home/linux/ros2_humble/install/demo_nodes_py:/home/linux/ros2_humble/install/action_tutorials_py:/home/linux/ros2_humble/install/ament_uncrustify:/home/linux/ros2_humble/install/tracetools_trace:/home/linux/ros2_humble/install/tracetools_read:/home/linux/ros2_humble/install/test_tracetools_launch:/home/linux/ros2_humble/install/test_launch_ros:/home/linux/ros2_humble/install/sensor_msgs_py:/home/linux/ros2_humble/install/rpyutils:/home/linux/ros2_humble/install/rosidl_runtime_py:/home/linux/ros2_humble/install/rosidl_cli:/home/linux/ros2_humble/install/launch_pytest:/home/linux/ros2_humble/install/launch_testing:/home/linux/ros2_humble/install/launch_yaml:/home/linux/ros2_humble/install/launch_xml:/home/linux/ros2_humble/install/launch:/home/linux/ros2_humble/install/osrf_pycommon:/home/linux/ros2_humble/install/launch_testing_examples:/home/linux/ros2_humble/install/domain_coordinator:/home/linux/ros2_humble/install/ament_xmllint:/home/linux/ros2_humble/install/ament_pyflakes:/home/linux/ros2_humble/install/ament_pycodestyle:/home/linux/ros2_humble/install/ament_pep257:/home/linux/ros2_humble/install/ament_pclint:/home/linux/ros2_humble/install/ament_package:/home/linux/ros2_humble/install/ament_mypy:/home/linux/ros2_humble/install/ament_lint_cmake:/home/linux/ros2_humble/install/ament_flake8:/home/linux/ros2_humble/install/ament_copyright:/home/linux/ros2_humble/install/ament_lint:/home/linux/ros2_humble/install/ament_index_python:/home/linux/ros2_humble/install/ament_cpplint:/home/linux/ros2_humble/install/ament_cppcheck:/home/linux/ros2_humble/install/ament_clang_tidy:/home/linux/ros2_humble/install/ament_clang_format:/opt/ros/humble /usr/bin/cmake --install /home/linux/ENPM808X/beginner_tutorials/ros2_ws/build/week11
[2.136s] Level 1:colcon.colcon_core.environment:create_environment_scripts_only(week11)
[2.139s] DEBUG:colcon.colcon_core.event_handler.log_command:Invoked command in '/home/linux/ENPM808X/beginner_tutorials/ros2_ws/build/week11' returned '0': CMAKE_PREFIX_PATH=${CMAKE_PREFIX_PATH}:/home/linux/ros2_humble/install/rqt_bag_plugins:/home/linux/ros2_humble/install/rqt_bag:/home/linux/ros2_humble/install/ros2bag:/home/linux/ros2_humble/install/tracetools_test:/home/linux/ros2_humble/install/tracetools_launch:/home/linux/ros2_humble/install/topic_monitor:/home/linux/ros2_humble/install/tf2_tools:/home/linux/ros2_humble/install/examples_tf2_py:/home/linux/ros2_humble/install/tf2_ros_py:/home/linux/ros2_humble/install/sros2:/home/linux/ros2_humble/install/rqt_topic:/home/linux/ros2_humble/install/rqt_srv:/home/linux/ros2_humble/install/rqt_shell:/home/linux/ros2_humble/install/rqt_service_caller:/home/linux/ros2_humble/install/rqt_reconfigure:/home/linux/ros2_humble/install/rqt_py_console:/home/linux/ros2_humble/install/rqt_publisher:/home/linux/ros2_humble/install/rqt_plot:/home/linux/ros2_humble/install/rqt_action:/home/linux/ros2_humble/install/rqt_msg:/home/linux/ros2_humble/install/rqt_console:/home/linux/ros2_humble/install/rqt:/home/linux/ros2_humble/install/rqt_graph:/home/linux/ros2_humble/install/rqt_gui_py:/home/linux/ros2_humble/install/rqt_gui:/home/linux/ros2_humble/install/ros2trace:/home/linux/ros2_humble/install/ros2topic:/home/linux/ros2_humble/install/ros2test:/home/linux/ros2_humble/install/ros2component:/home/linux/ros2_humble/install/ros2param:/home/linux/ros2_humble/install/ros2lifecycle:/home/linux/ros2_humble/install/ros2service:/home/linux/ros2_humble/install/ros2run:/home/linux/ros2_humble/install/ros2launch:/home/linux/ros2_humble/install/ros2pkg:/home/linux/ros2_humble/install/ros2node:/home/linux/ros2_humble/install/ros2multicast:/home/linux/ros2_humble/install/ros2interface:/home/linux/ros2_humble/install/ros2doctor:/home/linux/ros2_humble/install/ros2action:/home/linux/ros2_humble/install/ros2cli:/home/linux/ros2_humble/install/quality_of_service_demo_py:/home/linux/ros2_humble/install/lifecycle_py:/home/linux/ros2_humble/install/launch_testing_ros:/home/linux/ros2_humble/install/launch_ros:/home/linux/ros2_humble/install/examples_rclpy_pointcloud_publisher:/home/linux/ros2_humble/install/examples_rclpy_minimal_subscriber:/home/linux/ros2_humble/install/examples_rclpy_minimal_service:/home/linux/ros2_humble/install/examples_rclpy_minimal_publisher:/home/linux/ros2_humble/install/examples_rclpy_minimal_client:/home/linux/ros2_humble/install/examples_rclpy_minimal_action_server:/home/linux/ros2_humble/install/examples_rclpy_minimal_action_client:/home/linux/ros2_humble/install/examples_rclpy_guard_conditions:/home/linux/ros2_humble/install/examples_rclpy_executors:/home/linux/ros2_humble/install/demo_nodes_py:/home/linux/ros2_humble/install/action_tutorials_py:/home/linux/ros2_humble/install/ament_uncrustify:/home/linux/ros2_humble/install/tracetools_trace:/home/linux/ros2_humble/install/tracetools_read:/home/linux/ros2_humble/install/test_tracetools_launch:/home/linux/ros2_humble/install/test_launch_ros:/home/linux/ros2_humble/install/sensor_msgs_py:/home/linux/ros2_humble/install/rpyutils:/home/linux/ros2_humble/install/rosidl_runtime_py:/home/linux/ros2_humble/install/rosidl_cli:/home/linux/ros2_humble/install/launch_pytest:/home/linux/ros2_humble/install/launch_testing:/home/linux/ros2_humble/install/launch_yaml:/home/linux/ros2_humble/install/launch_xml:/home/linux/ros2_humble/install/launch:/home/linux/ros2_humble/install/osrf_pycommon:/home/linux/ros2_humble/install/launch_testing_examples:/home/linux/ros2_humble/install/domain_coordinator:/home/linux/ros2_humble/install/ament_xmllint:/home/linux/ros2_humble/install/ament_pyflakes:/home/linux/ros2_humble/install/ament_pycodestyle:/home/linux/ros2_humble/install/ament_pep257:/home/linux/ros2_humble/install/ament_pclint:/home/linux/ros2_humble/install/ament_package:/home/linux/ros2_humble/install/ament_mypy:/home/linux/ros2_humble/install/ament_lint_cmake:/home/linux/ros2_humble/install/ament_flake8:/home/linux/ros2_humble/install/ament_copyright:/home/linux/ros2_humble/install/ament_lint:/home/linux/ros2_humble/install/ament_index_python:/home/linux/ros2_humble/install/ament_cpplint:/home/linux/ros2_humble/install/ament_cppcheck:/home/linux/ros2_humble/install/ament_clang_tidy:/home/linux/ros2_humble/install/ament_clang_format:/opt/ros/humble /usr/bin/cmake --install /home/linux/ENPM808X/beginner_tutorials/ros2_ws/build/week11
[2.160s] Level 1:colcon.colcon_core.environment:checking '/home/linux/ENPM808X/beginner_tutorials/ros2_ws/install/week11' for CMake module files
[2.161s] Level 1:colcon.colcon_core.environment:checking '/home/linux/ENPM808X/beginner_tutorials/ros2_ws/install/week11' for CMake config files
[2.161s] Level 1:colcon.colcon_core.shell:create_environment_hook('week11', 'cmake_prefix_path')
[2.166s] INFO:colcon.colcon_core.shell:Creating environment hook '/home/linux/ENPM808X/beginner_tutorials/ros2_ws/install/week11/share/week11/hook/cmake_prefix_path.ps1'
[2.167s] INFO:colcon.colcon_core.shell:Creating environment descriptor '/home/linux/ENPM808X/beginner_tutorials/ros2_ws/install/week11/share/week11/hook/cmake_prefix_path.dsv'
[2.168s] INFO:colcon.colcon_core.shell:Creating environment hook '/home/linux/ENPM808X/beginner_tutorials/ros2_ws/install/week11/share/week11/hook/cmake_prefix_path.sh'
[2.170s] Level 1:colcon.colcon_core.environment:checking '/home/linux/ENPM808X/beginner_tutorials/ros2_ws/install/week11/lib'
[2.170s] Level 1:colcon.colcon_core.environment:checking '/home/linux/ENPM808X/beginner_tutorials/ros2_ws/install/week11/bin'
[2.170s] Level 1:colcon.colcon_core.environment:checking '/home/linux/ENPM808X/beginner_tutorials/ros2_ws/install/week11/lib/pkgconfig/week11.pc'
[2.171s] Level 1:colcon.colcon_core.environment:checking '/home/linux/ENPM808X/beginner_tutorials/ros2_ws/install/week11/lib/python3.10/site-packages'
[2.171s] Level 1:colcon.colcon_core.environment:checking '/home/linux/ENPM808X/beginner_tutorials/ros2_ws/install/week11/bin'
[2.176s] INFO:colcon.colcon_core.shell:Creating package script '/home/linux/ENPM808X/beginner_tutorials/ros2_ws/install/week11/share/week11/package.ps1'
[2.178s] INFO:colcon.colcon_core.shell:Creating package descriptor '/home/linux/ENPM808X/beginner_tutorials/ros2_ws/install/week11/share/week11/package.dsv'
[2.179s] INFO:colcon.colcon_core.shell:Creating package script '/home/linux/ENPM808X/beginner_tutorials/ros2_ws/install/week11/share/week11/package.sh'
[2.180s] INFO:colcon.colcon_core.shell:Creating package script '/home/linux/ENPM808X/beginner_tutorials/ros2_ws/install/week11/share/week11/package.bash'
[2.182s] INFO:colcon.colcon_core.shell:Creating package script '/home/linux/ENPM808X/beginner_tutorials/ros2_ws/install/week11/share/week11/package.zsh'
[2.183s] Level 1:colcon.colcon_core.environment:create_file_with_runtime_dependencies(/home/linux/ENPM808X/beginner_tutorials/ros2_ws/install/week11/share/colcon-core/packages/week11)
[2.304s] Level 1:colcon.colcon_core.environment:create_environment_scripts_only(week11)
[2.311s] Level 1:colcon.colcon_core.environment:checking '/home/linux/ENPM808X/beginner_tutorials/ros2_ws/install/week11' for CMake module files
[2.312s] Level 1:colcon.colcon_core.environment:checking '/home/linux/ENPM808X/beginner_tutorials/ros2_ws/install/week11' for CMake config files
[2.312s] Level 1:colcon.colcon_core.shell:create_environment_hook('week11', 'cmake_prefix_path')
[2.317s] INFO:colcon.colcon_core.shell:Creating environment hook '/home/linux/ENPM808X/beginner_tutorials/ros2_ws/install/week11/share/week11/hook/cmake_prefix_path.ps1'
[2.318s] INFO:colcon.colcon_core.shell:Creating environment descriptor '/home/linux/ENPM808X/beginner_tutorials/ros2_ws/install/week11/share/week11/hook/cmake_prefix_path.dsv'
[2.318s] INFO:colcon.colcon_core.shell:Creating environment hook '/home/linux/ENPM808X/beginner_tutorials/ros2_ws/install/week11/share/week11/hook/cmake_prefix_path.sh'
[2.319s] Level 1:colcon.colcon_core.environment:checking '/home/linux/ENPM808X/beginner_tutorials/ros2_ws/install/week11/lib'
[2.319s] Level 1:colcon.colcon_core.environment:checking '/home/linux/ENPM808X/beginner_tutorials/ros2_ws/install/week11/bin'
[2.319s] Level 1:colcon.colcon_core.environment:checking '/home/linux/ENPM808X/beginner_tutorials/ros2_ws/install/week11/lib/pkgconfig/week11.pc'
[2.320s] Level 1:colcon.colcon_core.environment:checking '/home/linux/ENPM808X/beginner_tutorials/ros2_ws/install/week11/lib/python3.10/site-packages'
[2.320s] Level 1:colcon.colcon_core.environment:checking '/home/linux/ENPM808X/beginner_tutorials/ros2_ws/install/week11/bin'
[2.322s] INFO:colcon.colcon_core.shell:Creating package script '/home/linux/ENPM808X/beginner_tutorials/ros2_ws/install/week11/share/week11/package.ps1'
[2.323s] INFO:colcon.colcon_core.shell:Creating package descriptor '/home/linux/ENPM808X/beginner_tutorials/ros2_ws/install/week11/share/week11/package.dsv'
[2.323s] INFO:colcon.colcon_core.shell:Creating package script '/home/linux/ENPM808X/beginner_tutorials/ros2_ws/install/week11/share/week11/package.sh'
[2.324s] INFO:colcon.colcon_core.shell:Creating package script '/home/linux/ENPM808X/beginner_tutorials/ros2_ws/install/week11/share/week11/package.bash'
[2.324s] INFO:colcon.colcon_core.shell:Creating package script '/home/linux/ENPM808X/beginner_tutorials/ros2_ws/install/week11/share/week11/package.zsh'
[2.325s] Level 1:colcon.colcon_core.environment:create_file_with_runtime_dependencies(/home/linux/ENPM808X/beginner_tutorials/ros2_ws/install/week11/share/colcon-core/packages/week11)
[7.696s] DEBUG:colcon.colcon_core.event_handler.log_command:Invoked command in '/home/linux/ENPM808X/beginner_tutorials/ros2_ws/build/learning_tf2_cpp' returned '0': CMAKE_PREFIX_PATH=${CMAKE_PREFIX_PATH}:/home/linux/ros2_humble/install/rqt_bag_plugins:/home/linux/ros2_humble/install/rqt_bag:/home/linux/ros2_humble/install/ros2bag:/home/linux/ros2_humble/install/tracetools_test:/home/linux/ros2_humble/install/tracetools_launch:/home/linux/ros2_humble/install/topic_monitor:/home/linux/ros2_humble/install/tf2_tools:/home/linux/ros2_humble/install/examples_tf2_py:/home/linux/ros2_humble/install/tf2_ros_py:/home/linux/ros2_humble/install/sros2:/home/linux/ros2_humble/install/rqt_topic:/home/linux/ros2_humble/install/rqt_srv:/home/linux/ros2_humble/install/rqt_shell:/home/linux/ros2_humble/install/rqt_service_caller:/home/linux/ros2_humble/install/rqt_reconfigure:/home/linux/ros2_humble/install/rqt_py_console:/home/linux/ros2_humble/install/rqt_publisher:/home/linux/ros2_humble/install/rqt_plot:/home/linux/ros2_humble/install/rqt_action:/home/linux/ros2_humble/install/rqt_msg:/home/linux/ros2_humble/install/rqt_console:/home/linux/ros2_humble/install/rqt:/home/linux/ros2_humble/install/rqt_graph:/home/linux/ros2_humble/install/rqt_gui_py:/home/linux/ros2_humble/install/rqt_gui:/home/linux/ros2_humble/install/ros2trace:/home/linux/ros2_humble/install/ros2topic:/home/linux/ros2_humble/install/ros2test:/home/linux/ros2_humble/install/ros2component:/home/linux/ros2_humble/install/ros2param:/home/linux/ros2_humble/install/ros2lifecycle:/home/linux/ros2_humble/install/ros2service:/home/linux/ros2_humble/install/ros2run:/home/linux/ros2_humble/install/ros2launch:/home/linux/ros2_humble/install/ros2pkg:/home/linux/ros2_humble/install/ros2node:/home/linux/ros2_humble/install/ros2multicast:/home/linux/ros2_humble/install/ros2interface:/home/linux/ros2_humble/install/ros2doctor:/home/linux/ros2_humble/install/ros2action:/home/linux/ros2_humble/install/ros2cli:/home/linux/ros2_humble/install/quality_of_service_demo_py:/home/linux/ros2_humble/install/lifecycle_py:/home/linux/ros2_humble/install/launch_testing_ros:/home/linux/ros2_humble/install/launch_ros:/home/linux/ros2_humble/install/examples_rclpy_pointcloud_publisher:/home/linux/ros2_humble/install/examples_rclpy_minimal_subscriber:/home/linux/ros2_humble/install/examples_rclpy_minimal_service:/home/linux/ros2_humble/install/examples_rclpy_minimal_publisher:/home/linux/ros2_humble/install/examples_rclpy_minimal_client:/home/linux/ros2_humble/install/examples_rclpy_minimal_action_server:/home/linux/ros2_humble/install/examples_rclpy_minimal_action_client:/home/linux/ros2_humble/install/examples_rclpy_guard_conditions:/home/linux/ros2_humble/install/examples_rclpy_executors:/home/linux/ros2_humble/install/demo_nodes_py:/home/linux/ros2_humble/install/action_tutorials_py:/home/linux/ros2_humble/install/ament_uncrustify:/home/linux/ros2_humble/install/tracetools_trace:/home/linux/ros2_humble/install/tracetools_read:/home/linux/ros2_humble/install/test_tracetools_launch:/home/linux/ros2_humble/install/test_launch_ros:/home/linux/ros2_humble/install/sensor_msgs_py:/home/linux/ros2_humble/install/rpyutils:/home/linux/ros2_humble/install/rosidl_runtime_py:/home/linux/ros2_humble/install/rosidl_cli:/home/linux/ros2_humble/install/launch_pytest:/home/linux/ros2_humble/install/launch_testing:/home/linux/ros2_humble/install/launch_yaml:/home/linux/ros2_humble/install/launch_xml:/home/linux/ros2_humble/install/launch:/home/linux/ros2_humble/install/osrf_pycommon:/home/linux/ros2_humble/install/launch_testing_examples:/home/linux/ros2_humble/install/domain_coordinator:/home/linux/ros2_humble/install/ament_xmllint:/home/linux/ros2_humble/install/ament_pyflakes:/home/linux/ros2_humble/install/ament_pycodestyle:/home/linux/ros2_humble/install/ament_pep257:/home/linux/ros2_humble/install/ament_pclint:/home/linux/ros2_humble/install/ament_package:/home/linux/ros2_humble/install/ament_mypy:/home/linux/ros2_humble/install/ament_lint_cmake:/home/linux/ros2_humble/install/ament_flake8:/home/linux/ros2_humble/install/ament_copyright:/home/linux/ros2_humble/install/ament_lint:/home/linux/ros2_humble/install/ament_index_python:/home/linux/ros2_humble/install/ament_cpplint:/home/linux/ros2_humble/install/ament_cppcheck:/home/linux/ros2_humble/install/ament_clang_tidy:/home/linux/ros2_humble/install/ament_clang_format:/opt/ros/humble /usr/bin/cmake --build /home/linux/ENPM808X/beginner_tutorials/ros2_ws/build/learning_tf2_cpp -- -j4 -l4
[7.795s] DEBUG:colcon.colcon_core.event_handler.log_command:Invoking command in '/home/linux/ENPM808X/beginner_tutorials/ros2_ws/build/learning_tf2_cpp': CMAKE_PREFIX_PATH=${CMAKE_PREFIX_PATH}:/home/linux/ros2_humble/install/rqt_bag_plugins:/home/linux/ros2_humble/install/rqt_bag:/home/linux/ros2_humble/install/ros2bag:/home/linux/ros2_humble/install/tracetools_test:/home/linux/ros2_humble/install/tracetools_launch:/home/linux/ros2_humble/install/topic_monitor:/home/linux/ros2_humble/install/tf2_tools:/home/linux/ros2_humble/install/examples_tf2_py:/home/linux/ros2_humble/install/tf2_ros_py:/home/linux/ros2_humble/install/sros2:/home/linux/ros2_humble/install/rqt_topic:/home/linux/ros2_humble/install/rqt_srv:/home/linux/ros2_humble/install/rqt_shell:/home/linux/ros2_humble/install/rqt_service_caller:/home/linux/ros2_humble/install/rqt_reconfigure:/home/linux/ros2_humble/install/rqt_py_console:/home/linux/ros2_humble/install/rqt_publisher:/home/linux/ros2_humble/install/rqt_plot:/home/linux/ros2_humble/install/rqt_action:/home/linux/ros2_humble/install/rqt_msg:/home/linux/ros2_humble/install/rqt_console:/home/linux/ros2_humble/install/rqt:/home/linux/ros2_humble/install/rqt_graph:/home/linux/ros2_humble/install/rqt_gui_py:/home/linux/ros2_humble/install/rqt_gui:/home/linux/ros2_humble/install/ros2trace:/home/linux/ros2_humble/install/ros2topic:/home/linux/ros2_humble/install/ros2test:/home/linux/ros2_humble/install/ros2component:/home/linux/ros2_humble/install/ros2param:/home/linux/ros2_humble/install/ros2lifecycle:/home/linux/ros2_humble/install/ros2service:/home/linux/ros2_humble/install/ros2run:/home/linux/ros2_humble/install/ros2launch:/home/linux/ros2_humble/install/ros2pkg:/home/linux/ros2_humble/install/ros2node:/home/linux/ros2_humble/install/ros2multicast:/home/linux/ros2_humble/install/ros2interface:/home/linux/ros2_humble/install/ros2doctor:/home/linux/ros2_humble/install/ros2action:/home/linux/ros2_humble/install/ros2cli:/home/linux/ros2_humble/install/quality_of_service_demo_py:/home/linux/ros2_humble/install/lifecycle_py:/home/linux/ros2_humble/install/launch_testing_ros:/home/linux/ros2_humble/install/launch_ros:/home/linux/ros2_humble/install/examples_rclpy_pointcloud_publisher:/home/linux/ros2_humble/install/examples_rclpy_minimal_subscriber:/home/linux/ros2_humble/install/examples_rclpy_minimal_service:/home/linux/ros2_humble/install/examples_rclpy_minimal_publisher:/home/linux/ros2_humble/install/examples_rclpy_minimal_client:/home/linux/ros2_humble/install/examples_rclpy_minimal_action_server:/home/linux/ros2_humble/install/examples_rclpy_minimal_action_client:/home/linux/ros2_humble/install/examples_rclpy_guard_conditions:/home/linux/ros2_humble/install/examples_rclpy_executors:/home/linux/ros2_humble/install/demo_nodes_py:/home/linux/ros2_humble/install/action_tutorials_py:/home/linux/ros2_humble/install/ament_uncrustify:/home/linux/ros2_humble/install/tracetools_trace:/home/linux/ros2_humble/install/tracetools_read:/home/linux/ros2_humble/install/test_tracetools_launch:/home/linux/ros2_humble/install/test_launch_ros:/home/linux/ros2_humble/install/sensor_msgs_py:/home/linux/ros2_humble/install/rpyutils:/home/linux/ros2_humble/install/rosidl_runtime_py:/home/linux/ros2_humble/install/rosidl_cli:/home/linux/ros2_humble/install/launch_pytest:/home/linux/ros2_humble/install/launch_testing:/home/linux/ros2_humble/install/launch_yaml:/home/linux/ros2_humble/install/launch_xml:/home/linux/ros2_humble/install/launch:/home/linux/ros2_humble/install/osrf_pycommon:/home/linux/ros2_humble/install/launch_testing_examples:/home/linux/ros2_humble/install/domain_coordinator:/home/linux/ros2_humble/install/ament_xmllint:/home/linux/ros2_humble/install/ament_pyflakes:/home/linux/ros2_humble/install/ament_pycodestyle:/home/linux/ros2_humble/install/ament_pep257:/home/linux/ros2_humble/install/ament_pclint:/home/linux/ros2_humble/install/ament_package:/home/linux/ros2_humble/install/ament_mypy:/home/linux/ros2_humble/install/ament_lint_cmake:/home/linux/ros2_humble/install/ament_flake8:/home/linux/ros2_humble/install/ament_copyright:/home/linux/ros2_humble/install/ament_lint:/home/linux/ros2_humble/install/ament_index_python:/home/linux/ros2_humble/install/ament_cpplint:/home/linux/ros2_humble/install/ament_cppcheck:/home/linux/ros2_humble/install/ament_clang_tidy:/home/linux/ros2_humble/install/ament_clang_format:/opt/ros/humble /usr/bin/cmake --install /home/linux/ENPM808X/beginner_tutorials/ros2_ws/build/learning_tf2_cpp
[7.825s] Level 1:colcon.colcon_core.environment:create_environment_scripts_only(learning_tf2_cpp)
[7.832s] Level 1:colcon.colcon_core.environment:checking '/home/linux/ENPM808X/beginner_tutorials/ros2_ws/install/learning_tf2_cpp' for CMake module files
[7.832s] DEBUG:colcon.colcon_core.event_handler.log_command:Invoked command in '/home/linux/ENPM808X/beginner_tutorials/ros2_ws/build/learning_tf2_cpp' returned '0': CMAKE_PREFIX_PATH=${CMAKE_PREFIX_PATH}:/home/linux/ros2_humble/install/rqt_bag_plugins:/home/linux/ros2_humble/install/rqt_bag:/home/linux/ros2_humble/install/ros2bag:/home/linux/ros2_humble/install/tracetools_test:/home/linux/ros2_humble/install/tracetools_launch:/home/linux/ros2_humble/install/topic_monitor:/home/linux/ros2_humble/install/tf2_tools:/home/linux/ros2_humble/install/examples_tf2_py:/home/linux/ros2_humble/install/tf2_ros_py:/home/linux/ros2_humble/install/sros2:/home/linux/ros2_humble/install/rqt_topic:/home/linux/ros2_humble/install/rqt_srv:/home/linux/ros2_humble/install/rqt_shell:/home/linux/ros2_humble/install/rqt_service_caller:/home/linux/ros2_humble/install/rqt_reconfigure:/home/linux/ros2_humble/install/rqt_py_console:/home/linux/ros2_humble/install/rqt_publisher:/home/linux/ros2_humble/install/rqt_plot:/home/linux/ros2_humble/install/rqt_action:/home/linux/ros2_humble/install/rqt_msg:/home/linux/ros2_humble/install/rqt_console:/home/linux/ros2_humble/install/rqt:/home/linux/ros2_humble/install/rqt_graph:/home/linux/ros2_humble/install/rqt_gui_py:/home/linux/ros2_humble/install/rqt_gui:/home/linux/ros2_humble/install/ros2trace:/home/linux/ros2_humble/install/ros2topic:/home/linux/ros2_humble/install/ros2test:/home/linux/ros2_humble/install/ros2component:/home/linux/ros2_humble/install/ros2param:/home/linux/ros2_humble/install/ros2lifecycle:/home/linux/ros2_humble/install/ros2service:/home/linux/ros2_humble/install/ros2run:/home/linux/ros2_humble/install/ros2launch:/home/linux/ros2_humble/install/ros2pkg:/home/linux/ros2_humble/install/ros2node:/home/linux/ros2_humble/install/ros2multicast:/home/linux/ros2_humble/install/ros2interface:/home/linux/ros2_humble/install/ros2doctor:/home/linux/ros2_humble/install/ros2action:/home/linux/ros2_humble/install/ros2cli:/home/linux/ros2_humble/install/quality_of_service_demo_py:/home/linux/ros2_humble/install/lifecycle_py:/home/linux/ros2_humble/install/launch_testing_ros:/home/linux/ros2_humble/install/launch_ros:/home/linux/ros2_humble/install/examples_rclpy_pointcloud_publisher:/home/linux/ros2_humble/install/examples_rclpy_minimal_subscriber:/home/linux/ros2_humble/install/examples_rclpy_minimal_service:/home/linux/ros2_humble/install/examples_rclpy_minimal_publisher:/home/linux/ros2_humble/install/examples_rclpy_minimal_client:/home/linux/ros2_humble/install/examples_rclpy_minimal_action_server:/home/linux/ros2_humble/install/examples_rclpy_minimal_action_client:/home/linux/ros2_humble/install/examples_rclpy_guard_conditions:/home/linux/ros2_humble/install/examples_rclpy_executors:/home/linux/ros2_humble/install/demo_nodes_py:/home/linux/ros2_humble/install/action_tutorials_py:/home/linux/ros2_humble/install/ament_uncrustify:/home/linux/ros2_humble/install/tracetools_trace:/home/linux/ros2_humble/install/tracetools_read:/home/linux/ros2_humble/install/test_tracetools_launch:/home/linux/ros2_humble/install/test_launch_ros:/home/linux/ros2_humble/install/sensor_msgs_py:/home/linux/ros2_humble/install/rpyutils:/home/linux/ros2_humble/install/rosidl_runtime_py:/home/linux/ros2_humble/install/rosidl_cli:/home/linux/ros2_humble/install/launch_pytest:/home/linux/ros2_humble/install/launch_testing:/home/linux/ros2_humble/install/launch_yaml:/home/linux/ros2_humble/install/launch_xml:/home/linux/ros2_humble/install/launch:/home/linux/ros2_humble/install/osrf_pycommon:/home/linux/ros2_humble/install/launch_testing_examples:/home/linux/ros2_humble/install/domain_coordinator:/home/linux/ros2_humble/install/ament_xmllint:/home/linux/ros2_humble/install/ament_pyflakes:/home/linux/ros2_humble/install/ament_pycodestyle:/home/linux/ros2_humble/install/ament_pep257:/home/linux/ros2_humble/install/ament_pclint:/home/linux/ros2_humble/install/ament_package:/home/linux/ros2_humble/install/ament_mypy:/home/linux/ros2_humble/install/ament_lint_cmake:/home/linux/ros2_humble/install/ament_flake8:/home/linux/ros2_humble/install/ament_copyright:/home/linux/ros2_humble/install/ament_lint:/home/linux/ros2_humble/install/ament_index_python:/home/linux/ros2_humble/install/ament_cpplint:/home/linux/ros2_humble/install/ament_cppcheck:/home/linux/ros2_humble/install/ament_clang_tidy:/home/linux/ros2_humble/install/ament_clang_format:/opt/ros/humble /usr/bin/cmake --install /home/linux/ENPM808X/beginner_tutorials/ros2_ws/build/learning_tf2_cpp
[7.833s] Level 1:colcon.colcon_core.environment:checking '/home/linux/ENPM808X/beginner_tutorials/ros2_ws/install/learning_tf2_cpp' for CMake config files
[7.833s] Level 1:colcon.colcon_core.shell:create_environment_hook('learning_tf2_cpp', 'cmake_prefix_path')
[7.836s] INFO:colcon.colcon_core.shell:Creating environment hook '/home/linux/ENPM808X/beginner_tutorials/ros2_ws/install/learning_tf2_cpp/share/learning_tf2_cpp/hook/cmake_prefix_path.ps1'
[7.836s] INFO:colcon.colcon_core.shell:Creating environment descriptor '/home/linux/ENPM808X/beginner_tutorials/ros2_ws/install/learning_tf2_cpp/share/learning_tf2_cpp/hook/cmake_prefix_path.dsv'
[7.836s] INFO:colcon.colcon_core.shell:Creating environment hook '/home/linux/ENPM808X/beginner_tutorials/ros2_ws/install/learning_tf2_cpp/share/learning_tf2_cpp/hook/cmake_prefix_path.sh'
[7.837s] Level 1:colcon.colcon_core.environment:checking '/home/linux/ENPM808X/beginner_tutorials/ros2_ws/install/learning_tf2_cpp/lib'
[7.837s] Level 1:colcon.colcon_core.environment:checking '/home/linux/ENPM808X/beginner_tutorials/ros2_ws/install/learning_tf2_cpp/bin'
[7.837s] Level 1:colcon.colcon_core.environment:checking '/home/linux/ENPM808X/beginner_tutorials/ros2_ws/install/learning_tf2_cpp/lib/pkgconfig/learning_tf2_cpp.pc'
[7.837s] Level 1:colcon.colcon_core.environment:checking '/home/linux/ENPM808X/beginner_tutorials/ros2_ws/install/learning_tf2_cpp/lib/python3.10/site-packages'
[7.838s] Level 1:colcon.colcon_core.environment:checking '/home/linux/ENPM808X/beginner_tutorials/ros2_ws/install/learning_tf2_cpp/bin'
[7.840s] INFO:colcon.colcon_core.shell:Creating package script '/home/linux/ENPM808X/beginner_tutorials/ros2_ws/install/learning_tf2_cpp/share/learning_tf2_cpp/package.ps1'
[7.841s] INFO:colcon.colcon_core.shell:Creating package descriptor '/home/linux/ENPM808X/beginner_tutorials/ros2_ws/install/learning_tf2_cpp/share/learning_tf2_cpp/package.dsv'
[7.841s] INFO:colcon.colcon_core.shell:Creating package script '/home/linux/ENPM808X/beginner_tutorials/ros2_ws/install/learning_tf2_cpp/share/learning_tf2_cpp/package.sh'
[7.841s] INFO:colcon.colcon_core.shell:Creating package script '/home/linux/ENPM808X/beginner_tutorials/ros2_ws/install/learning_tf2_cpp/share/learning_tf2_cpp/package.bash'
[7.842s] INFO:colcon.colcon_core.shell:Creating package script '/home/linux/ENPM808X/beginner_tutorials/ros2_ws/install/learning_tf2_cpp/share/learning_tf2_cpp/package.zsh'
[7.842s] Level 1:colcon.colcon_core.environment:create_file_with_runtime_dependencies(/home/linux/ENPM808X/beginner_tutorials/ros2_ws/install/learning_tf2_cpp/share/colcon-core/packages/learning_tf2_cpp)
[7.943s] Level 1:colcon.colcon_core.environment:create_environment_scripts_only(learning_tf2_cpp)
[7.947s] Level 1:colcon.colcon_core.environment:checking '/home/linux/ENPM808X/beginner_tutorials/ros2_ws/install/learning_tf2_cpp' for CMake module files
[7.947s] Level 1:colcon.colcon_core.environment:checking '/home/linux/ENPM808X/beginner_tutorials/ros2_ws/install/learning_tf2_cpp' for CMake config files
[7.948s] Level 1:colcon.colcon_core.shell:create_environment_hook('learning_tf2_cpp', 'cmake_prefix_path')
[7.950s] INFO:colcon.colcon_core.shell:Creating environment hook '/home/linux/ENPM808X/beginner_tutorials/ros2_ws/install/learning_tf2_cpp/share/learning_tf2_cpp/hook/cmake_prefix_path.ps1'
[7.950s] INFO:colcon.colcon_core.shell:Creating environment descriptor '/home/linux/ENPM808X/beginner_tutorials/ros2_ws/install/learning_tf2_cpp/share/learning_tf2_cpp/hook/cmake_prefix_path.dsv'
[7.950s] INFO:colcon.colcon_core.shell:Creating environment hook '/home/linux/ENPM808X/beginner_tutorials/ros2_ws/install/learning_tf2_cpp/share/learning_tf2_cpp/hook/cmake_prefix_path.sh'
[7.951s] Level 1:colcon.colcon_core.environment:checking '/home/linux/ENPM808X/beginner_tutorials/ros2_ws/install/learning_tf2_cpp/lib'
[7.951s] Level 1:colcon.colcon_core.environment:checking '/home/linux/ENPM808X/beginner_tutorials/ros2_ws/install/learning_tf2_cpp/bin'
[7.951s] Level 1:colcon.colcon_core.environment:checking '/home/linux/ENPM808X/beginner_tutorials/ros2_ws/install/learning_tf2_cpp/lib/pkgconfig/learning_tf2_cpp.pc'
[7.951s] Level 1:colcon.colcon_core.environment:checking '/home/linux/ENPM808X/beginner_tutorials/ros2_ws/install/learning_tf2_cpp/lib/python3.10/site-packages'
[7.952s] Level 1:colcon.colcon_core.environment:checking '/home/linux/ENPM808X/beginner_tutorials/ros2_ws/install/learning_tf2_cpp/bin'
[7.954s] INFO:colcon.colcon_core.shell:Creating package script '/home/linux/ENPM808X/beginner_tutorials/ros2_ws/install/learning_tf2_cpp/share/learning_tf2_cpp/package.ps1'
[7.954s] INFO:colcon.colcon_core.shell:Creating package descriptor '/home/linux/ENPM808X/beginner_tutorials/ros2_ws/install/learning_tf2_cpp/share/learning_tf2_cpp/package.dsv'
[7.955s] INFO:colcon.colcon_core.shell:Creating package script '/home/linux/ENPM808X/beginner_tutorials/ros2_ws/install/learning_tf2_cpp/share/learning_tf2_cpp/package.sh'
[7.955s] INFO:colcon.colcon_core.shell:Creating package script '/home/linux/ENPM808X/beginner_tutorials/ros2_ws/install/learning_tf2_cpp/share/learning_tf2_cpp/package.bash'
[7.956s] INFO:colcon.colcon_core.shell:Creating package script '/home/linux/ENPM808X/beginner_tutorials/ros2_ws/install/learning_tf2_cpp/share/learning_tf2_cpp/package.zsh'
[7.956s] Level 1:colcon.colcon_core.environment:create_file_with_runtime_dependencies(/home/linux/ENPM808X/beginner_tutorials/ros2_ws/install/learning_tf2_cpp/share/colcon-core/packages/learning_tf2_cpp)
[7.956s] DEBUG:colcon.colcon_parallel_executor.executor.parallel:closing loop
[7.957s] DEBUG:colcon.colcon_parallel_executor.executor.parallel:loop closed
[7.957s] DEBUG:colcon.colcon_parallel_executor.executor.parallel:run_until_complete finished with '0'
[7.957s] DEBUG:colcon.colcon_core.event_reactor:joining thread
[7.976s] INFO:colcon.colcon_core.plugin_system:Skipping extension 'colcon_notification.desktop_notification.terminal_notifier': Not used on non-Darwin systems
[7.976s] INFO:colcon.colcon_core.plugin_system:Skipping extension 'colcon_notification.desktop_notification.win32': Not used on non-Windows systems
[7.976s] INFO:colcon.colcon_notification.desktop_notification:Sending desktop notification using 'notify2'
[7.987s] DEBUG:colcon.colcon_core.event_reactor:joined thread
[7.992s] INFO:colcon.colcon_core.shell:Creating prefix script '/home/linux/ENPM808X/beginner_tutorials/ros2_ws/install/local_setup.ps1'
[7.994s] INFO:colcon.colcon_core.shell:Creating prefix util module '/home/linux/ENPM808X/beginner_tutorials/ros2_ws/install/_local_setup_util_ps1.py'
[7.996s] INFO:colcon.colcon_core.shell:Creating prefix chain script '/home/linux/ENPM808X/beginner_tutorials/ros2_ws/install/setup.ps1'
[8.012s] INFO:colcon.colcon_core.shell:Creating prefix script '/home/linux/ENPM808X/beginner_tutorials/ros2_ws/install/local_setup.sh'
[8.012s] INFO:colcon.colcon_core.shell:Creating prefix util module '/home/linux/ENPM808X/beginner_tutorials/ros2_ws/install/_local_setup_util_sh.py'
[8.013s] INFO:colcon.colcon_core.shell:Creating prefix chain script '/home/linux/ENPM808X/beginner_tutorials/ros2_ws/install/setup.sh'
[8.028s] INFO:colcon.colcon_core.shell:Creating prefix script '/home/linux/ENPM808X/beginner_tutorials/ros2_ws/install/local_setup.bash'
[8.029s] INFO:colcon.colcon_core.shell:Creating prefix chain script '/home/linux/ENPM808X/beginner_tutorials/ros2_ws/install/setup.bash'
[8.044s] INFO:colcon.colcon_core.shell:Creating prefix script '/home/linux/ENPM808X/beginner_tutorials/ros2_ws/install/local_setup.zsh'
[8.045s] INFO:colcon.colcon_core.shell:Creating prefix chain script '/home/linux/ENPM808X/beginner_tutorials/ros2_ws/install/setup.zsh'
