[0.565s] DEBUG:colcon:Command line arguments: ['/usr/bin/colcon', 'build', '--packages-select', 'learning_tf2_cpp']
[0.565s] DEBUG:colcon:Parsed command line arguments: Namespace(log_base=None, log_level=None, verb_name='build', build_base='build', install_base='install', merge_install=False, symlink_install=False, test_result_base=None, continue_on_error=False, executor='parallel', parallel_workers=4, event_handlers=None, ignore_user_meta=False, metas=['./colcon.meta'], base_paths=['.'], packages_ignore=None, packages_ignore_regex=None, paths=None, packages_up_to=None, packages_up_to_regex=None, packages_above=None, packages_above_and_dependencies=None, packages_above_depth=None, packages_select_by_dep=None, packages_skip_by_dep=None, packages_skip_up_to=None, packages_select_build_failed=False, packages_skip_build_finished=False, packages_select_test_failures=False, packages_skip_test_passed=False, packages_select=['learning_tf2_cpp'], packages_skip=None, packages_select_regex=None, packages_skip_regex=None, packages_start=None, packages_end=None, allow_overriding=[], cmake_args=None, cmake_target=None, cmake_target_skip_unavailable=False, cmake_clean_cache=False, cmake_clean_first=False, cmake_force_configure=False, ament_cmake_args=None, catkin_cmake_args=None, catkin_skip_building_tests=False, verb_parser=<colcon_defaults.argument_parser.defaults.DefaultArgumentsDecorator object at 0x7fc165127850>, verb_extension=<colcon_core.verb.build.BuildVerb object at 0x7fc1659b6bf0>, main=<bound method BuildVerb.main of <colcon_core.verb.build.BuildVerb object at 0x7fc1659b6bf0>>)
[0.610s] Level 1:colcon.colcon_core.package_discovery:discover_packages(colcon_meta) check parameters
[0.610s] Level 1:colcon.colcon_core.package_discovery:discover_packages(recursive) check parameters
[0.610s] Level 1:colcon.colcon_core.package_discovery:discover_packages(ignore) check parameters
[0.610s] Level 1:colcon.colcon_core.package_discovery:discover_packages(path) check parameters
[0.610s] Level 1:colcon.colcon_core.package_discovery:discover_packages(colcon_meta) discover
[0.610s] Level 1:colcon.colcon_core.package_discovery:discover_packages(recursive) discover
[0.610s] INFO:colcon.colcon_core.package_discovery:Crawling recursively for packages in '/home/linux/ENPM808X/beginner_tutorials/ros2_ws'
[0.610s] Level 1:colcon.colcon_core.package_identification:_identify(.) by extensions ['ignore', 'ignore_ament_install']
[0.611s] Level 1:colcon.colcon_core.package_identification:_identify(.) by extension 'ignore'
[0.611s] Level 1:colcon.colcon_core.package_identification:_identify(.) by extension 'ignore_ament_install'
[0.611s] Level 1:colcon.colcon_core.package_identification:_identify(.) by extensions ['colcon_pkg']
[0.611s] Level 1:colcon.colcon_core.package_identification:_identify(.) by extension 'colcon_pkg'
[0.611s] Level 1:colcon.colcon_core.package_identification:_identify(.) by extensions ['colcon_meta']
[0.611s] Level 1:colcon.colcon_core.package_identification:_identify(.) by extension 'colcon_meta'
[0.611s] Level 1:colcon.colcon_core.package_identification:_identify(.) by extensions ['ros']
[0.611s] Level 1:colcon.colcon_core.package_identification:_identify(.) by extension 'ros'
[0.624s] Level 1:colcon.colcon_core.package_identification:_identify(.) by extensions ['cmake', 'python']
[0.625s] Level 1:colcon.colcon_core.package_identification:_identify(.) by extension 'cmake'
[0.625s] Level 1:colcon.colcon_core.package_identification:_identify(.) by extension 'python'
[0.625s] Level 1:colcon.colcon_core.package_identification:_identify(.) by extensions ['python_setup_py']
[0.625s] Level 1:colcon.colcon_core.package_identification:_identify(.) by extension 'python_setup_py'
[0.625s] Level 1:colcon.colcon_core.package_identification:_identify(build) by extensions ['ignore', 'ignore_ament_install']
[0.625s] Level 1:colcon.colcon_core.package_identification:_identify(build) by extension 'ignore'
[0.625s] Level 1:colcon.colcon_core.package_identification:_identify(build) ignored
[0.625s] Level 1:colcon.colcon_core.package_identification:_identify(install) by extensions ['ignore', 'ignore_ament_install']
[0.625s] Level 1:colcon.colcon_core.package_identification:_identify(install) by extension 'ignore'
[0.625s] Level 1:colcon.colcon_core.package_identification:_identify(install) ignored
[0.625s] Level 1:colcon.colcon_core.package_identification:_identify(log) by extensions ['ignore', 'ignore_ament_install']
[0.625s] Level 1:colcon.colcon_core.package_identification:_identify(log) by extension 'ignore'
[0.625s] Level 1:colcon.colcon_core.package_identification:_identify(log) ignored
[0.626s] Level 1:colcon.colcon_core.package_identification:_identify(src) by extensions ['ignore', 'ignore_ament_install']
[0.626s] Level 1:colcon.colcon_core.package_identification:_identify(src) by extension 'ignore'
[0.626s] Level 1:colcon.colcon_core.package_identification:_identify(src) by extension 'ignore_ament_install'
[0.626s] Level 1:colcon.colcon_core.package_identification:_identify(src) by extensions ['colcon_pkg']
[0.626s] Level 1:colcon.colcon_core.package_identification:_identify(src) by extension 'colcon_pkg'
[0.626s] Level 1:colcon.colcon_core.package_identification:_identify(src) by extensions ['colcon_meta']
[0.626s] Level 1:colcon.colcon_core.package_identification:_identify(src) by extension 'colcon_meta'
[0.626s] Level 1:colcon.colcon_core.package_identification:_identify(src) by extensions ['ros']
[0.626s] Level 1:colcon.colcon_core.package_identification:_identify(src) by extension 'ros'
[0.626s] Level 1:colcon.colcon_core.package_identification:_identify(src) by extensions ['cmake', 'python']
[0.626s] Level 1:colcon.colcon_core.package_identification:_identify(src) by extension 'cmake'
[0.626s] Level 1:colcon.colcon_core.package_identification:_identify(src) by extension 'python'
[0.626s] Level 1:colcon.colcon_core.package_identification:_identify(src) by extensions ['python_setup_py']
[0.626s] Level 1:colcon.colcon_core.package_identification:_identify(src) by extension 'python_setup_py'
[0.626s] Level 1:colcon.colcon_core.package_identification:_identify(src/launch) by extensions ['ignore', 'ignore_ament_install']
[0.626s] Level 1:colcon.colcon_core.package_identification:_identify(src/launch) by extension 'ignore'
[0.626s] Level 1:colcon.colcon_core.package_identification:_identify(src/launch) by extension 'ignore_ament_install'
[0.626s] Level 1:colcon.colcon_core.package_identification:_identify(src/launch) by extensions ['colcon_pkg']
[0.626s] Level 1:colcon.colcon_core.package_identification:_identify(src/launch) by extension 'colcon_pkg'
[0.626s] Level 1:colcon.colcon_core.package_identification:_identify(src/launch) by extensions ['colcon_meta']
[0.626s] Level 1:colcon.colcon_core.package_identification:_identify(src/launch) by extension 'colcon_meta'
[0.627s] Level 1:colcon.colcon_core.package_identification:_identify(src/launch) by extensions ['ros']
[0.627s] Level 1:colcon.colcon_core.package_identification:_identify(src/launch) by extension 'ros'
[0.627s] Level 1:colcon.colcon_core.package_identification:_identify(src/launch) by extensions ['cmake', 'python']
[0.627s] Level 1:colcon.colcon_core.package_identification:_identify(src/launch) by extension 'cmake'
[0.627s] Level 1:colcon.colcon_core.package_identification:_identify(src/launch) by extension 'python'
[0.627s] Level 1:colcon.colcon_core.package_identification:_identify(src/launch) by extensions ['python_setup_py']
[0.627s] Level 1:colcon.colcon_core.package_identification:_identify(src/launch) by extension 'python_setup_py'
[0.627s] Level 1:colcon.colcon_core.package_identification:_identify(src/learning_tf2_cpp) by extensions ['ignore', 'ignore_ament_install']
[0.627s] Level 1:colcon.colcon_core.package_identification:_identify(src/learning_tf2_cpp) by extension 'ignore'
[0.627s] Level 1:colcon.colcon_core.package_identification:_identify(src/learning_tf2_cpp) by extension 'ignore_ament_install'
[0.627s] Level 1:colcon.colcon_core.package_identification:_identify(src/learning_tf2_cpp) by extensions ['colcon_pkg']
[0.627s] Level 1:colcon.colcon_core.package_identification:_identify(src/learning_tf2_cpp) by extension 'colcon_pkg'
[0.627s] Level 1:colcon.colcon_core.package_identification:_identify(src/learning_tf2_cpp) by extensions ['colcon_meta']
[0.627s] Level 1:colcon.colcon_core.package_identification:_identify(src/learning_tf2_cpp) by extension 'colcon_meta'
[0.627s] Level 1:colcon.colcon_core.package_identification:_identify(src/learning_tf2_cpp) by extensions ['ros']
[0.627s] Level 1:colcon.colcon_core.package_identification:_identify(src/learning_tf2_cpp) by extension 'ros'
[0.630s] DEBUG:colcon.colcon_core.package_identification:Package 'src/learning_tf2_cpp' with type 'ros.ament_cmake' and name 'learning_tf2_cpp'
[0.630s] Level 1:colcon.colcon_core.package_identification:_identify(src/week11) by extensions ['ignore', 'ignore_ament_install']
[0.630s] Level 1:colcon.colcon_core.package_identification:_identify(src/week11) by extension 'ignore'
[0.630s] Level 1:colcon.colcon_core.package_identification:_identify(src/week11) by extension 'ignore_ament_install'
[0.630s] Level 1:colcon.colcon_core.package_identification:_identify(src/week11) by extensions ['colcon_pkg']
[0.630s] Level 1:colcon.colcon_core.package_identification:_identify(src/week11) by extension 'colcon_pkg'
[0.630s] Level 1:colcon.colcon_core.package_identification:_identify(src/week11) by extensions ['colcon_meta']
[0.630s] Level 1:colcon.colcon_core.package_identification:_identify(src/week11) by extension 'colcon_meta'
[0.630s] Level 1:colcon.colcon_core.package_identification:_identify(src/week11) by extensions ['ros']
[0.630s] Level 1:colcon.colcon_core.package_identification:_identify(src/week11) by extension 'ros'
[0.631s] DEBUG:colcon.colcon_core.package_identification:Package 'src/week11' with type 'ros.ament_cmake' and name 'week11'
[0.631s] Level 1:colcon.colcon_core.package_discovery:discover_packages(recursive) using defaults
[0.631s] Level 1:colcon.colcon_core.package_discovery:discover_packages(ignore) discover
[0.631s] Level 1:colcon.colcon_core.package_discovery:discover_packages(ignore) using defaults
[0.631s] Level 1:colcon.colcon_core.package_discovery:discover_packages(path) discover
[0.631s] Level 1:colcon.colcon_core.package_discovery:discover_packages(path) using defaults
[0.685s] INFO:colcon.colcon_core.package_selection:Skipping not selected package 'week11' in 'src/week11'
[0.686s] Level 1:colcon.colcon_core.package_discovery:discover_packages(prefix_path) check parameters
[0.686s] Level 1:colcon.colcon_core.package_discovery:discover_packages(prefix_path) discover
[0.710s] DEBUG:colcon.colcon_installed_package_information.package_discovery:Found 340 installed packages in /home/linux/ros2_humble/install
[0.714s] DEBUG:colcon.colcon_installed_package_information.package_discovery:Found 386 installed packages in /opt/ros/humble
[0.727s] Level 1:colcon.colcon_core.package_discovery:discover_packages(prefix_path) using defaults
[0.828s] Level 5:colcon.colcon_core.verb:set package 'learning_tf2_cpp' build argument 'cmake_args' from command line to 'None'
[0.828s] Level 5:colcon.colcon_core.verb:set package 'learning_tf2_cpp' build argument 'cmake_target' from command line to 'None'
[0.828s] Level 5:colcon.colcon_core.verb:set package 'learning_tf2_cpp' build argument 'cmake_target_skip_unavailable' from command line to 'False'
[0.828s] Level 5:colcon.colcon_core.verb:set package 'learning_tf2_cpp' build argument 'cmake_clean_cache' from command line to 'False'
[0.828s] Level 5:colcon.colcon_core.verb:set package 'learning_tf2_cpp' build argument 'cmake_clean_first' from command line to 'False'
[0.828s] Level 5:colcon.colcon_core.verb:set package 'learning_tf2_cpp' build argument 'cmake_force_configure' from command line to 'False'
[0.828s] Level 5:colcon.colcon_core.verb:set package 'learning_tf2_cpp' build argument 'ament_cmake_args' from command line to 'None'
[0.828s] Level 5:colcon.colcon_core.verb:set package 'learning_tf2_cpp' build argument 'catkin_cmake_args' from command line to 'None'
[0.828s] Level 5:colcon.colcon_core.verb:set package 'learning_tf2_cpp' build argument 'catkin_skip_building_tests' from command line to 'False'
[0.828s] DEBUG:colcon.colcon_core.verb:Building package 'learning_tf2_cpp' with the following arguments: {'ament_cmake_args': None, 'build_base': '/home/linux/ENPM808X/beginner_tutorials/ros2_ws/build/learning_tf2_cpp', 'catkin_cmake_args': None, 'catkin_skip_building_tests': False, 'cmake_args': None, 'cmake_clean_cache': False, 'cmake_clean_first': False, 'cmake_force_configure': False, 'cmake_target': None, 'cmake_target_skip_unavailable': False, 'install_base': '/home/linux/ENPM808X/beginner_tutorials/ros2_ws/install/learning_tf2_cpp', 'merge_install': False, 'path': '/home/linux/ENPM808X/beginner_tutorials/ros2_ws/src/learning_tf2_cpp', 'symlink_install': False, 'test_result_base': None}
[0.829s] INFO:colcon.colcon_core.executor:Executing jobs using 'parallel' executor
[0.837s] DEBUG:colcon.colcon_parallel_executor.executor.parallel:run_until_complete
[0.837s] INFO:colcon.colcon_ros.task.ament_cmake.build:Building ROS package in '/home/linux/ENPM808X/beginner_tutorials/ros2_ws/src/learning_tf2_cpp' with build type 'ament_cmake'
[0.837s] INFO:colcon.colcon_cmake.task.cmake.build:Building CMake package in '/home/linux/ENPM808X/beginner_tutorials/ros2_ws/src/learning_tf2_cpp'
[0.847s] INFO:colcon.colcon_core.plugin_system:Skipping extension 'colcon_core.shell.bat': Not used on non-Windows systems
[0.847s] INFO:colcon.colcon_core.shell:Skip shell extension 'powershell' for command environment: Not usable outside of PowerShell
[0.847s] DEBUG:colcon.colcon_core.shell:Skip shell extension 'dsv' for command environment
[0.892s] DEBUG:colcon.colcon_core.event_handler.log_command:Invoking command in '/home/linux/ENPM808X/beginner_tutorials/ros2_ws/build/learning_tf2_cpp': CMAKE_PREFIX_PATH=${CMAKE_PREFIX_PATH}:/home/linux/ros2_humble/install/rqt_bag_plugins:/home/linux/ros2_humble/install/rqt_bag:/home/linux/ros2_humble/install/ros2bag:/home/linux/ros2_humble/install/tracetools_test:/home/linux/ros2_humble/install/tracetools_launch:/home/linux/ros2_humble/install/topic_monitor:/home/linux/ros2_humble/install/tf2_tools:/home/linux/ros2_humble/install/examples_tf2_py:/home/linux/ros2_humble/install/tf2_ros_py:/home/linux/ros2_humble/install/sros2:/home/linux/ros2_humble/install/rqt_topic:/home/linux/ros2_humble/install/rqt_srv:/home/linux/ros2_humble/install/rqt_shell:/home/linux/ros2_humble/install/rqt_service_caller:/home/linux/ros2_humble/install/rqt_reconfigure:/home/linux/ros2_humble/install/rqt_py_console:/home/linux/ros2_humble/install/rqt_publisher:/home/linux/ros2_humble/install/rqt_plot:/home/linux/ros2_humble/install/rqt_action:/home/linux/ros2_humble/install/rqt_msg:/home/linux/ros2_humble/install/rqt_console:/home/linux/ros2_humble/install/rqt:/home/linux/ros2_humble/install/rqt_graph:/home/linux/ros2_humble/install/rqt_gui_py:/home/linux/ros2_humble/install/rqt_gui:/home/linux/ros2_humble/install/ros2trace:/home/linux/ros2_humble/install/ros2topic:/home/linux/ros2_humble/install/ros2test:/home/linux/ros2_humble/install/ros2component:/home/linux/ros2_humble/install/ros2param:/home/linux/ros2_humble/install/ros2lifecycle:/home/linux/ros2_humble/install/ros2service:/home/linux/ros2_humble/install/ros2run:/home/linux/ros2_humble/install/ros2launch:/home/linux/ros2_humble/install/ros2pkg:/home/linux/ros2_humble/install/ros2node:/home/linux/ros2_humble/install/ros2multicast:/home/linux/ros2_humble/install/ros2interface:/home/linux/ros2_humble/install/ros2doctor:/home/linux/ros2_humble/install/ros2action:/home/linux/ros2_humble/install/ros2cli:/home/linux/ros2_humble/install/quality_of_service_demo_py:/home/linux/ros2_humble/install/lifecycle_py:/home/linux/ros2_humble/install/launch_testing_ros:/home/linux/ros2_humble/install/launch_ros:/home/linux/ros2_humble/install/examples_rclpy_pointcloud_publisher:/home/linux/ros2_humble/install/examples_rclpy_minimal_subscriber:/home/linux/ros2_humble/install/examples_rclpy_minimal_service:/home/linux/ros2_humble/install/examples_rclpy_minimal_publisher:/home/linux/ros2_humble/install/examples_rclpy_minimal_client:/home/linux/ros2_humble/install/examples_rclpy_minimal_action_server:/home/linux/ros2_humble/install/examples_rclpy_minimal_action_client:/home/linux/ros2_humble/install/examples_rclpy_guard_conditions:/home/linux/ros2_humble/install/examples_rclpy_executors:/home/linux/ros2_humble/install/demo_nodes_py:/home/linux/ros2_humble/install/action_tutorials_py:/home/linux/ros2_humble/install/ament_uncrustify:/home/linux/ros2_humble/install/tracetools_trace:/home/linux/ros2_humble/install/tracetools_read:/home/linux/ros2_humble/install/test_tracetools_launch:/home/linux/ros2_humble/install/test_launch_ros:/home/linux/ros2_humble/install/sensor_msgs_py:/home/linux/ros2_humble/install/rpyutils:/home/linux/ros2_humble/install/rosidl_runtime_py:/home/linux/ros2_humble/install/rosidl_cli:/home/linux/ros2_humble/install/launch_pytest:/home/linux/ros2_humble/install/launch_testing:/home/linux/ros2_humble/install/launch_yaml:/home/linux/ros2_humble/install/launch_xml:/home/linux/ros2_humble/install/launch:/home/linux/ros2_humble/install/osrf_pycommon:/home/linux/ros2_humble/install/launch_testing_examples:/home/linux/ros2_humble/install/domain_coordinator:/home/linux/ros2_humble/install/ament_xmllint:/home/linux/ros2_humble/install/ament_pyflakes:/home/linux/ros2_humble/install/ament_pycodestyle:/home/linux/ros2_humble/install/ament_pep257:/home/linux/ros2_humble/install/ament_pclint:/home/linux/ros2_humble/install/ament_package:/home/linux/ros2_humble/install/ament_mypy:/home/linux/ros2_humble/install/ament_lint_cmake:/home/linux/ros2_humble/install/ament_flake8:/home/linux/ros2_humble/install/ament_copyright:/home/linux/ros2_humble/install/ament_lint:/home/linux/ros2_humble/install/ament_index_python:/home/linux/ros2_humble/install/ament_cpplint:/home/linux/ros2_humble/install/ament_cppcheck:/home/linux/ros2_humble/install/ament_clang_tidy:/home/linux/ros2_humble/install/ament_clang_format:/opt/ros/humble /usr/bin/cmake --build /home/linux/ENPM808X/beginner_tutorials/ros2_ws/build/learning_tf2_cpp -- -j4 -l4
[1.072s] DEBUG:colcon.colcon_core.event_handler.log_command:Invoked command in '/home/linux/ENPM808X/beginner_tutorials/ros2_ws/build/learning_tf2_cpp' returned '0': CMAKE_PREFIX_PATH=${CMAKE_PREFIX_PATH}:/home/linux/ros2_humble/install/rqt_bag_plugins:/home/linux/ros2_humble/install/rqt_bag:/home/linux/ros2_humble/install/ros2bag:/home/linux/ros2_humble/install/tracetools_test:/home/linux/ros2_humble/install/tracetools_launch:/home/linux/ros2_humble/install/topic_monitor:/home/linux/ros2_humble/install/tf2_tools:/home/linux/ros2_humble/install/examples_tf2_py:/home/linux/ros2_humble/install/tf2_ros_py:/home/linux/ros2_humble/install/sros2:/home/linux/ros2_humble/install/rqt_topic:/home/linux/ros2_humble/install/rqt_srv:/home/linux/ros2_humble/install/rqt_shell:/home/linux/ros2_humble/install/rqt_service_caller:/home/linux/ros2_humble/install/rqt_reconfigure:/home/linux/ros2_humble/install/rqt_py_console:/home/linux/ros2_humble/install/rqt_publisher:/home/linux/ros2_humble/install/rqt_plot:/home/linux/ros2_humble/install/rqt_action:/home/linux/ros2_humble/install/rqt_msg:/home/linux/ros2_humble/install/rqt_console:/home/linux/ros2_humble/install/rqt:/home/linux/ros2_humble/install/rqt_graph:/home/linux/ros2_humble/install/rqt_gui_py:/home/linux/ros2_humble/install/rqt_gui:/home/linux/ros2_humble/install/ros2trace:/home/linux/ros2_humble/install/ros2topic:/home/linux/ros2_humble/install/ros2test:/home/linux/ros2_humble/install/ros2component:/home/linux/ros2_humble/install/ros2param:/home/linux/ros2_humble/install/ros2lifecycle:/home/linux/ros2_humble/install/ros2service:/home/linux/ros2_humble/install/ros2run:/home/linux/ros2_humble/install/ros2launch:/home/linux/ros2_humble/install/ros2pkg:/home/linux/ros2_humble/install/ros2node:/home/linux/ros2_humble/install/ros2multicast:/home/linux/ros2_humble/install/ros2interface:/home/linux/ros2_humble/install/ros2doctor:/home/linux/ros2_humble/install/ros2action:/home/linux/ros2_humble/install/ros2cli:/home/linux/ros2_humble/install/quality_of_service_demo_py:/home/linux/ros2_humble/install/lifecycle_py:/home/linux/ros2_humble/install/launch_testing_ros:/home/linux/ros2_humble/install/launch_ros:/home/linux/ros2_humble/install/examples_rclpy_pointcloud_publisher:/home/linux/ros2_humble/install/examples_rclpy_minimal_subscriber:/home/linux/ros2_humble/install/examples_rclpy_minimal_service:/home/linux/ros2_humble/install/examples_rclpy_minimal_publisher:/home/linux/ros2_humble/install/examples_rclpy_minimal_client:/home/linux/ros2_humble/install/examples_rclpy_minimal_action_server:/home/linux/ros2_humble/install/examples_rclpy_minimal_action_client:/home/linux/ros2_humble/install/examples_rclpy_guard_conditions:/home/linux/ros2_humble/install/examples_rclpy_executors:/home/linux/ros2_humble/install/demo_nodes_py:/home/linux/ros2_humble/install/action_tutorials_py:/home/linux/ros2_humble/install/ament_uncrustify:/home/linux/ros2_humble/install/tracetools_trace:/home/linux/ros2_humble/install/tracetools_read:/home/linux/ros2_humble/install/test_tracetools_launch:/home/linux/ros2_humble/install/test_launch_ros:/home/linux/ros2_humble/install/sensor_msgs_py:/home/linux/ros2_humble/install/rpyutils:/home/linux/ros2_humble/install/rosidl_runtime_py:/home/linux/ros2_humble/install/rosidl_cli:/home/linux/ros2_humble/install/launch_pytest:/home/linux/ros2_humble/install/launch_testing:/home/linux/ros2_humble/install/launch_yaml:/home/linux/ros2_humble/install/launch_xml:/home/linux/ros2_humble/install/launch:/home/linux/ros2_humble/install/osrf_pycommon:/home/linux/ros2_humble/install/launch_testing_examples:/home/linux/ros2_humble/install/domain_coordinator:/home/linux/ros2_humble/install/ament_xmllint:/home/linux/ros2_humble/install/ament_pyflakes:/home/linux/ros2_humble/install/ament_pycodestyle:/home/linux/ros2_humble/install/ament_pep257:/home/linux/ros2_humble/install/ament_pclint:/home/linux/ros2_humble/install/ament_package:/home/linux/ros2_humble/install/ament_mypy:/home/linux/ros2_humble/install/ament_lint_cmake:/home/linux/ros2_humble/install/ament_flake8:/home/linux/ros2_humble/install/ament_copyright:/home/linux/ros2_humble/install/ament_lint:/home/linux/ros2_humble/install/ament_index_python:/home/linux/ros2_humble/install/ament_cpplint:/home/linux/ros2_humble/install/ament_cppcheck:/home/linux/ros2_humble/install/ament_clang_tidy:/home/linux/ros2_humble/install/ament_clang_format:/opt/ros/humble /usr/bin/cmake --build /home/linux/ENPM808X/beginner_tutorials/ros2_ws/build/learning_tf2_cpp -- -j4 -l4
[1.196s] DEBUG:colcon.colcon_core.event_handler.log_command:Invoking command in '/home/linux/ENPM808X/beginner_tutorials/ros2_ws/build/learning_tf2_cpp': CMAKE_PREFIX_PATH=${CMAKE_PREFIX_PATH}:/home/linux/ros2_humble/install/rqt_bag_plugins:/home/linux/ros2_humble/install/rqt_bag:/home/linux/ros2_humble/install/ros2bag:/home/linux/ros2_humble/install/tracetools_test:/home/linux/ros2_humble/install/tracetools_launch:/home/linux/ros2_humble/install/topic_monitor:/home/linux/ros2_humble/install/tf2_tools:/home/linux/ros2_humble/install/examples_tf2_py:/home/linux/ros2_humble/install/tf2_ros_py:/home/linux/ros2_humble/install/sros2:/home/linux/ros2_humble/install/rqt_topic:/home/linux/ros2_humble/install/rqt_srv:/home/linux/ros2_humble/install/rqt_shell:/home/linux/ros2_humble/install/rqt_service_caller:/home/linux/ros2_humble/install/rqt_reconfigure:/home/linux/ros2_humble/install/rqt_py_console:/home/linux/ros2_humble/install/rqt_publisher:/home/linux/ros2_humble/install/rqt_plot:/home/linux/ros2_humble/install/rqt_action:/home/linux/ros2_humble/install/rqt_msg:/home/linux/ros2_humble/install/rqt_console:/home/linux/ros2_humble/install/rqt:/home/linux/ros2_humble/install/rqt_graph:/home/linux/ros2_humble/install/rqt_gui_py:/home/linux/ros2_humble/install/rqt_gui:/home/linux/ros2_humble/install/ros2trace:/home/linux/ros2_humble/install/ros2topic:/home/linux/ros2_humble/install/ros2test:/home/linux/ros2_humble/install/ros2component:/home/linux/ros2_humble/install/ros2param:/home/linux/ros2_humble/install/ros2lifecycle:/home/linux/ros2_humble/install/ros2service:/home/linux/ros2_humble/install/ros2run:/home/linux/ros2_humble/install/ros2launch:/home/linux/ros2_humble/install/ros2pkg:/home/linux/ros2_humble/install/ros2node:/home/linux/ros2_humble/install/ros2multicast:/home/linux/ros2_humble/install/ros2interface:/home/linux/ros2_humble/install/ros2doctor:/home/linux/ros2_humble/install/ros2action:/home/linux/ros2_humble/install/ros2cli:/home/linux/ros2_humble/install/quality_of_service_demo_py:/home/linux/ros2_humble/install/lifecycle_py:/home/linux/ros2_humble/install/launch_testing_ros:/home/linux/ros2_humble/install/launch_ros:/home/linux/ros2_humble/install/examples_rclpy_pointcloud_publisher:/home/linux/ros2_humble/install/examples_rclpy_minimal_subscriber:/home/linux/ros2_humble/install/examples_rclpy_minimal_service:/home/linux/ros2_humble/install/examples_rclpy_minimal_publisher:/home/linux/ros2_humble/install/examples_rclpy_minimal_client:/home/linux/ros2_humble/install/examples_rclpy_minimal_action_server:/home/linux/ros2_humble/install/examples_rclpy_minimal_action_client:/home/linux/ros2_humble/install/examples_rclpy_guard_conditions:/home/linux/ros2_humble/install/examples_rclpy_executors:/home/linux/ros2_humble/install/demo_nodes_py:/home/linux/ros2_humble/install/action_tutorials_py:/home/linux/ros2_humble/install/ament_uncrustify:/home/linux/ros2_humble/install/tracetools_trace:/home/linux/ros2_humble/install/tracetools_read:/home/linux/ros2_humble/install/test_tracetools_launch:/home/linux/ros2_humble/install/test_launch_ros:/home/linux/ros2_humble/install/sensor_msgs_py:/home/linux/ros2_humble/install/rpyutils:/home/linux/ros2_humble/install/rosidl_runtime_py:/home/linux/ros2_humble/install/rosidl_cli:/home/linux/ros2_humble/install/launch_pytest:/home/linux/ros2_humble/install/launch_testing:/home/linux/ros2_humble/install/launch_yaml:/home/linux/ros2_humble/install/launch_xml:/home/linux/ros2_humble/install/launch:/home/linux/ros2_humble/install/osrf_pycommon:/home/linux/ros2_humble/install/launch_testing_examples:/home/linux/ros2_humble/install/domain_coordinator:/home/linux/ros2_humble/install/ament_xmllint:/home/linux/ros2_humble/install/ament_pyflakes:/home/linux/ros2_humble/install/ament_pycodestyle:/home/linux/ros2_humble/install/ament_pep257:/home/linux/ros2_humble/install/ament_pclint:/home/linux/ros2_humble/install/ament_package:/home/linux/ros2_humble/install/ament_mypy:/home/linux/ros2_humble/install/ament_lint_cmake:/home/linux/ros2_humble/install/ament_flake8:/home/linux/ros2_humble/install/ament_copyright:/home/linux/ros2_humble/install/ament_lint:/home/linux/ros2_humble/install/ament_index_python:/home/linux/ros2_humble/install/ament_cpplint:/home/linux/ros2_humble/install/ament_cppcheck:/home/linux/ros2_humble/install/ament_clang_tidy:/home/linux/ros2_humble/install/ament_clang_format:/opt/ros/humble /usr/bin/cmake --install /home/linux/ENPM808X/beginner_tutorials/ros2_ws/build/learning_tf2_cpp
[1.218s] Level 1:colcon.colcon_core.environment:create_environment_scripts_only(learning_tf2_cpp)
[1.220s] DEBUG:colcon.colcon_core.event_handler.log_command:Invoked command in '/home/linux/ENPM808X/beginner_tutorials/ros2_ws/build/learning_tf2_cpp' returned '0': CMAKE_PREFIX_PATH=${CMAKE_PREFIX_PATH}:/home/linux/ros2_humble/install/rqt_bag_plugins:/home/linux/ros2_humble/install/rqt_bag:/home/linux/ros2_humble/install/ros2bag:/home/linux/ros2_humble/install/tracetools_test:/home/linux/ros2_humble/install/tracetools_launch:/home/linux/ros2_humble/install/topic_monitor:/home/linux/ros2_humble/install/tf2_tools:/home/linux/ros2_humble/install/examples_tf2_py:/home/linux/ros2_humble/install/tf2_ros_py:/home/linux/ros2_humble/install/sros2:/home/linux/ros2_humble/install/rqt_topic:/home/linux/ros2_humble/install/rqt_srv:/home/linux/ros2_humble/install/rqt_shell:/home/linux/ros2_humble/install/rqt_service_caller:/home/linux/ros2_humble/install/rqt_reconfigure:/home/linux/ros2_humble/install/rqt_py_console:/home/linux/ros2_humble/install/rqt_publisher:/home/linux/ros2_humble/install/rqt_plot:/home/linux/ros2_humble/install/rqt_action:/home/linux/ros2_humble/install/rqt_msg:/home/linux/ros2_humble/install/rqt_console:/home/linux/ros2_humble/install/rqt:/home/linux/ros2_humble/install/rqt_graph:/home/linux/ros2_humble/install/rqt_gui_py:/home/linux/ros2_humble/install/rqt_gui:/home/linux/ros2_humble/install/ros2trace:/home/linux/ros2_humble/install/ros2topic:/home/linux/ros2_humble/install/ros2test:/home/linux/ros2_humble/install/ros2component:/home/linux/ros2_humble/install/ros2param:/home/linux/ros2_humble/install/ros2lifecycle:/home/linux/ros2_humble/install/ros2service:/home/linux/ros2_humble/install/ros2run:/home/linux/ros2_humble/install/ros2launch:/home/linux/ros2_humble/install/ros2pkg:/home/linux/ros2_humble/install/ros2node:/home/linux/ros2_humble/install/ros2multicast:/home/linux/ros2_humble/install/ros2interface:/home/linux/ros2_humble/install/ros2doctor:/home/linux/ros2_humble/install/ros2action:/home/linux/ros2_humble/install/ros2cli:/home/linux/ros2_humble/install/quality_of_service_demo_py:/home/linux/ros2_humble/install/lifecycle_py:/home/linux/ros2_humble/install/launch_testing_ros:/home/linux/ros2_humble/install/launch_ros:/home/linux/ros2_humble/install/examples_rclpy_pointcloud_publisher:/home/linux/ros2_humble/install/examples_rclpy_minimal_subscriber:/home/linux/ros2_humble/install/examples_rclpy_minimal_service:/home/linux/ros2_humble/install/examples_rclpy_minimal_publisher:/home/linux/ros2_humble/install/examples_rclpy_minimal_client:/home/linux/ros2_humble/install/examples_rclpy_minimal_action_server:/home/linux/ros2_humble/install/examples_rclpy_minimal_action_client:/home/linux/ros2_humble/install/examples_rclpy_guard_conditions:/home/linux/ros2_humble/install/examples_rclpy_executors:/home/linux/ros2_humble/install/demo_nodes_py:/home/linux/ros2_humble/install/action_tutorials_py:/home/linux/ros2_humble/install/ament_uncrustify:/home/linux/ros2_humble/install/tracetools_trace:/home/linux/ros2_humble/install/tracetools_read:/home/linux/ros2_humble/install/test_tracetools_launch:/home/linux/ros2_humble/install/test_launch_ros:/home/linux/ros2_humble/install/sensor_msgs_py:/home/linux/ros2_humble/install/rpyutils:/home/linux/ros2_humble/install/rosidl_runtime_py:/home/linux/ros2_humble/install/rosidl_cli:/home/linux/ros2_humble/install/launch_pytest:/home/linux/ros2_humble/install/launch_testing:/home/linux/ros2_humble/install/launch_yaml:/home/linux/ros2_humble/install/launch_xml:/home/linux/ros2_humble/install/launch:/home/linux/ros2_humble/install/osrf_pycommon:/home/linux/ros2_humble/install/launch_testing_examples:/home/linux/ros2_humble/install/domain_coordinator:/home/linux/ros2_humble/install/ament_xmllint:/home/linux/ros2_humble/install/ament_pyflakes:/home/linux/ros2_humble/install/ament_pycodestyle:/home/linux/ros2_humble/install/ament_pep257:/home/linux/ros2_humble/install/ament_pclint:/home/linux/ros2_humble/install/ament_package:/home/linux/ros2_humble/install/ament_mypy:/home/linux/ros2_humble/install/ament_lint_cmake:/home/linux/ros2_humble/install/ament_flake8:/home/linux/ros2_humble/install/ament_copyright:/home/linux/ros2_humble/install/ament_lint:/home/linux/ros2_humble/install/ament_index_python:/home/linux/ros2_humble/install/ament_cpplint:/home/linux/ros2_humble/install/ament_cppcheck:/home/linux/ros2_humble/install/ament_clang_tidy:/home/linux/ros2_humble/install/ament_clang_format:/opt/ros/humble /usr/bin/cmake --install /home/linux/ENPM808X/beginner_tutorials/ros2_ws/build/learning_tf2_cpp
[1.229s] Level 1:colcon.colcon_core.environment:checking '/home/linux/ENPM808X/beginner_tutorials/ros2_ws/install/learning_tf2_cpp' for CMake module files
[1.230s] Level 1:colcon.colcon_core.environment:checking '/home/linux/ENPM808X/beginner_tutorials/ros2_ws/install/learning_tf2_cpp' for CMake config files
[1.230s] Level 1:colcon.colcon_core.shell:create_environment_hook('learning_tf2_cpp', 'cmake_prefix_path')
[1.232s] INFO:colcon.colcon_core.shell:Creating environment hook '/home/linux/ENPM808X/beginner_tutorials/ros2_ws/install/learning_tf2_cpp/share/learning_tf2_cpp/hook/cmake_prefix_path.ps1'
[1.233s] INFO:colcon.colcon_core.shell:Creating environment descriptor '/home/linux/ENPM808X/beginner_tutorials/ros2_ws/install/learning_tf2_cpp/share/learning_tf2_cpp/hook/cmake_prefix_path.dsv'
[1.233s] INFO:colcon.colcon_core.shell:Creating environment hook '/home/linux/ENPM808X/beginner_tutorials/ros2_ws/install/learning_tf2_cpp/share/learning_tf2_cpp/hook/cmake_prefix_path.sh'
[1.234s] Level 1:colcon.colcon_core.environment:checking '/home/linux/ENPM808X/beginner_tutorials/ros2_ws/install/learning_tf2_cpp/lib'
[1.235s] Level 1:colcon.colcon_core.environment:checking '/home/linux/ENPM808X/beginner_tutorials/ros2_ws/install/learning_tf2_cpp/bin'
[1.235s] Level 1:colcon.colcon_core.environment:checking '/home/linux/ENPM808X/beginner_tutorials/ros2_ws/install/learning_tf2_cpp/lib/pkgconfig/learning_tf2_cpp.pc'
[1.235s] Level 1:colcon.colcon_core.environment:checking '/home/linux/ENPM808X/beginner_tutorials/ros2_ws/install/learning_tf2_cpp/lib/python3.10/site-packages'
[1.235s] Level 1:colcon.colcon_core.environment:checking '/home/linux/ENPM808X/beginner_tutorials/ros2_ws/install/learning_tf2_cpp/bin'
[1.238s] INFO:colcon.colcon_core.shell:Creating package script '/home/linux/ENPM808X/beginner_tutorials/ros2_ws/install/learning_tf2_cpp/share/learning_tf2_cpp/package.ps1'
[1.239s] INFO:colcon.colcon_core.shell:Creating package descriptor '/home/linux/ENPM808X/beginner_tutorials/ros2_ws/install/learning_tf2_cpp/share/learning_tf2_cpp/package.dsv'
[1.239s] INFO:colcon.colcon_core.shell:Creating package script '/home/linux/ENPM808X/beginner_tutorials/ros2_ws/install/learning_tf2_cpp/share/learning_tf2_cpp/package.sh'
[1.240s] INFO:colcon.colcon_core.shell:Creating package script '/home/linux/ENPM808X/beginner_tutorials/ros2_ws/install/learning_tf2_cpp/share/learning_tf2_cpp/package.bash'
[1.241s] INFO:colcon.colcon_core.shell:Creating package script '/home/linux/ENPM808X/beginner_tutorials/ros2_ws/install/learning_tf2_cpp/share/learning_tf2_cpp/package.zsh'
[1.242s] Level 1:colcon.colcon_core.environment:create_file_with_runtime_dependencies(/home/linux/ENPM808X/beginner_tutorials/ros2_ws/install/learning_tf2_cpp/share/colcon-core/packages/learning_tf2_cpp)
[1.345s] Level 1:colcon.colcon_core.environment:create_environment_scripts_only(learning_tf2_cpp)
[1.348s] Level 1:colcon.colcon_core.environment:checking '/home/linux/ENPM808X/beginner_tutorials/ros2_ws/install/learning_tf2_cpp' for CMake module files
[1.349s] Level 1:colcon.colcon_core.environment:checking '/home/linux/ENPM808X/beginner_tutorials/ros2_ws/install/learning_tf2_cpp' for CMake config files
[1.349s] Level 1:colcon.colcon_core.shell:create_environment_hook('learning_tf2_cpp', 'cmake_prefix_path')
[1.351s] INFO:colcon.colcon_core.shell:Creating environment hook '/home/linux/ENPM808X/beginner_tutorials/ros2_ws/install/learning_tf2_cpp/share/learning_tf2_cpp/hook/cmake_prefix_path.ps1'
[1.352s] INFO:colcon.colcon_core.shell:Creating environment descriptor '/home/linux/ENPM808X/beginner_tutorials/ros2_ws/install/learning_tf2_cpp/share/learning_tf2_cpp/hook/cmake_prefix_path.dsv'
[1.352s] INFO:colcon.colcon_core.shell:Creating environment hook '/home/linux/ENPM808X/beginner_tutorials/ros2_ws/install/learning_tf2_cpp/share/learning_tf2_cpp/hook/cmake_prefix_path.sh'
[1.353s] Level 1:colcon.colcon_core.environment:checking '/home/linux/ENPM808X/beginner_tutorials/ros2_ws/install/learning_tf2_cpp/lib'
[1.353s] Level 1:colcon.colcon_core.environment:checking '/home/linux/ENPM808X/beginner_tutorials/ros2_ws/install/learning_tf2_cpp/bin'
[1.353s] Level 1:colcon.colcon_core.environment:checking '/home/linux/ENPM808X/beginner_tutorials/ros2_ws/install/learning_tf2_cpp/lib/pkgconfig/learning_tf2_cpp.pc'
[1.353s] Level 1:colcon.colcon_core.environment:checking '/home/linux/ENPM808X/beginner_tutorials/ros2_ws/install/learning_tf2_cpp/lib/python3.10/site-packages'
[1.354s] Level 1:colcon.colcon_core.environment:checking '/home/linux/ENPM808X/beginner_tutorials/ros2_ws/install/learning_tf2_cpp/bin'
[1.356s] INFO:colcon.colcon_core.shell:Creating package script '/home/linux/ENPM808X/beginner_tutorials/ros2_ws/install/learning_tf2_cpp/share/learning_tf2_cpp/package.ps1'
[1.357s] INFO:colcon.colcon_core.shell:Creating package descriptor '/home/linux/ENPM808X/beginner_tutorials/ros2_ws/install/learning_tf2_cpp/share/learning_tf2_cpp/package.dsv'
[1.357s] INFO:colcon.colcon_core.shell:Creating package script '/home/linux/ENPM808X/beginner_tutorials/ros2_ws/install/learning_tf2_cpp/share/learning_tf2_cpp/package.sh'
[1.358s] INFO:colcon.colcon_core.shell:Creating package script '/home/linux/ENPM808X/beginner_tutorials/ros2_ws/install/learning_tf2_cpp/share/learning_tf2_cpp/package.bash'
[1.358s] INFO:colcon.colcon_core.shell:Creating package script '/home/linux/ENPM808X/beginner_tutorials/ros2_ws/install/learning_tf2_cpp/share/learning_tf2_cpp/package.zsh'
[1.358s] Level 1:colcon.colcon_core.environment:create_file_with_runtime_dependencies(/home/linux/ENPM808X/beginner_tutorials/ros2_ws/install/learning_tf2_cpp/share/colcon-core/packages/learning_tf2_cpp)
[1.359s] DEBUG:colcon.colcon_parallel_executor.executor.parallel:closing loop
[1.359s] DEBUG:colcon.colcon_parallel_executor.executor.parallel:loop closed
[1.359s] DEBUG:colcon.colcon_parallel_executor.executor.parallel:run_until_complete finished with '0'
[1.359s] DEBUG:colcon.colcon_core.event_reactor:joining thread
[1.379s] INFO:colcon.colcon_core.plugin_system:Skipping extension 'colcon_notification.desktop_notification.terminal_notifier': Not used on non-Darwin systems
[1.379s] INFO:colcon.colcon_core.plugin_system:Skipping extension 'colcon_notification.desktop_notification.win32': Not used on non-Windows systems
[1.379s] INFO:colcon.colcon_notification.desktop_notification:Sending desktop notification using 'notify2'
[1.391s] DEBUG:colcon.colcon_core.event_reactor:joined thread
[1.394s] INFO:colcon.colcon_core.shell:Creating prefix script '/home/linux/ENPM808X/beginner_tutorials/ros2_ws/install/local_setup.ps1'
[1.396s] INFO:colcon.colcon_core.shell:Creating prefix util module '/home/linux/ENPM808X/beginner_tutorials/ros2_ws/install/_local_setup_util_ps1.py'
[1.397s] INFO:colcon.colcon_core.shell:Creating prefix chain script '/home/linux/ENPM808X/beginner_tutorials/ros2_ws/install/setup.ps1'
[1.412s] INFO:colcon.colcon_core.shell:Creating prefix script '/home/linux/ENPM808X/beginner_tutorials/ros2_ws/install/local_setup.sh'
[1.412s] INFO:colcon.colcon_core.shell:Creating prefix util module '/home/linux/ENPM808X/beginner_tutorials/ros2_ws/install/_local_setup_util_sh.py'
[1.413s] INFO:colcon.colcon_core.shell:Creating prefix chain script '/home/linux/ENPM808X/beginner_tutorials/ros2_ws/install/setup.sh'
[1.428s] INFO:colcon.colcon_core.shell:Creating prefix script '/home/linux/ENPM808X/beginner_tutorials/ros2_ws/install/local_setup.bash'
[1.428s] INFO:colcon.colcon_core.shell:Creating prefix chain script '/home/linux/ENPM808X/beginner_tutorials/ros2_ws/install/setup.bash'
[1.444s] INFO:colcon.colcon_core.shell:Creating prefix script '/home/linux/ENPM808X/beginner_tutorials/ros2_ws/install/local_setup.zsh'
[1.444s] INFO:colcon.colcon_core.shell:Creating prefix chain script '/home/linux/ENPM808X/beginner_tutorials/ros2_ws/install/setup.zsh'
