-- Found ament_cmake: 1.3.2 (/home/linux/ros2_humble/install/ament_cmake/share/ament_cmake/cmake)
-- Found rclcpp: 16.0.1 (/home/linux/ros2_humble/install/rclcpp/share/rclcpp/cmake)
-- Found rosidl_generator_c: 3.1.3 (/home/linux/ros2_humble/install/rosidl_generator_c/share/rosidl_generator_c/cmake)
-- Found rosidl_adapter: 3.1.3 (/home/linux/ros2_humble/install/rosidl_adapter/share/rosidl_adapter/cmake)
-- Found rosidl_generator_cpp: 3.1.3 (/home/linux/ros2_humble/install/rosidl_generator_cpp/share/rosidl_generator_cpp/cmake)
-- Using all available rosidl_typesupport_c: rosidl_typesupport_introspection_c;rosidl_typesupport_fastrtps_c
-- Using all available rosidl_typesupport_cpp: rosidl_typesupport_introspection_cpp;rosidl_typesupport_fastrtps_cpp
-- Found rmw_implementation_cmake: 6.1.0 (/home/linux/ros2_humble/install/rmw_implementation_cmake/share/rmw_implementation_cmake/cmake)
-- Found rmw_fastrtps_cpp: 6.2.1 (/home/linux/ros2_humble/install/rmw_fastrtps_cpp/share/rmw_fastrtps_cpp/cmake)
-- Using RMW implementation 'rmw_fastrtps_cpp' as default
-- Found example_interfaces: 0.9.3 (/home/linux/ros2_humble/install/example_interfaces/share/example_interfaces/cmake)
-- Configuring done
-- Generating done
-- Build files have been written to: /home/linux/ENPM808X/beginner_tutorials/ros2_ws/build/cpp_pubsub
[35m[1mConsolidate compiler generated dependencies of target listener[0m
[35m[1mConsolidate compiler generated dependencies of target talker[0m
[ 50%] [32mBuilding CXX object CMakeFiles/talker.dir/src/publisher_member_function.cpp.o[0m
[ 50%] [32mBuilding CXX object CMakeFiles/listener.dir/src/subscriber_member_function.cpp.o[0m
[ 75%] [32m[1mLinking CXX executable listener[0m
[100%] [32m[1mLinking CXX executable talker[0m
[100%] Built target listener
[100%] Built target talker
-- Install configuration: ""
-- Installing: /home/linux/ENPM808X/beginner_tutorials/ros2_ws/install/cpp_pubsub/lib/cpp_pubsub/talker
-- Set runtime path of "/home/linux/ENPM808X/beginner_tutorials/ros2_ws/install/cpp_pubsub/lib/cpp_pubsub/talker" to ""
-- Installing: /home/linux/ENPM808X/beginner_tutorials/ros2_ws/install/cpp_pubsub/lib/cpp_pubsub/listener
-- Set runtime path of "/home/linux/ENPM808X/beginner_tutorials/ros2_ws/install/cpp_pubsub/lib/cpp_pubsub/listener" to ""
-- Installing: /home/linux/ENPM808X/beginner_tutorials/ros2_ws/install/cpp_pubsub/share/ament_index/resource_index/package_run_dependencies/cpp_pubsub
-- Installing: /home/linux/ENPM808X/beginner_tutorials/ros2_ws/install/cpp_pubsub/share/ament_index/resource_index/parent_prefix_path/cpp_pubsub
-- Installing: /home/linux/ENPM808X/beginner_tutorials/ros2_ws/install/cpp_pubsub/share/cpp_pubsub/environment/ament_prefix_path.dsv
-- Installing: /home/linux/ENPM808X/beginner_tutorials/ros2_ws/install/cpp_pubsub/share/cpp_pubsub/environment/path.dsv
-- Up-to-date: /home/linux/ENPM808X/beginner_tutorials/ros2_ws/install/cpp_pubsub/share/cpp_pubsub/local_setup.bash
-- Up-to-date: /home/linux/ENPM808X/beginner_tutorials/ros2_ws/install/cpp_pubsub/share/cpp_pubsub/local_setup.sh
-- Up-to-date: /home/linux/ENPM808X/beginner_tutorials/ros2_ws/install/cpp_pubsub/share/cpp_pubsub/local_setup.zsh
-- Installing: /home/linux/ENPM808X/beginner_tutorials/ros2_ws/install/cpp_pubsub/share/cpp_pubsub/local_setup.dsv
-- Installing: /home/linux/ENPM808X/beginner_tutorials/ros2_ws/install/cpp_pubsub/share/cpp_pubsub/package.dsv
-- Up-to-date: /home/linux/ENPM808X/beginner_tutorials/ros2_ws/install/cpp_pubsub/share/ament_index/resource_index/packages/cpp_pubsub
-- Up-to-date: /home/linux/ENPM808X/beginner_tutorials/ros2_ws/install/cpp_pubsub/share/cpp_pubsub/cmake/cpp_pubsubConfig.cmake
-- Up-to-date: /home/linux/ENPM808X/beginner_tutorials/ros2_ws/install/cpp_pubsub/share/cpp_pubsub/cmake/cpp_pubsubConfig-version.cmake
-- Installing: /home/linux/ENPM808X/beginner_tutorials/ros2_ws/install/cpp_pubsub/share/cpp_pubsub/package.xml
