[0.532s] DEBUG:colcon:Command line arguments: ['/usr/bin/colcon', 'build', '--packages-select', 'cpp_pubsub']
[0.532s] DEBUG:colcon:Parsed command line arguments: Namespace(log_base=None, log_level=None, verb_name='build', build_base='build', install_base='install', merge_install=False, symlink_install=False, test_result_base=None, continue_on_error=False, executor='parallel', parallel_workers=4, event_handlers=None, ignore_user_meta=False, metas=['./colcon.meta'], base_paths=['.'], packages_ignore=None, packages_ignore_regex=None, paths=None, packages_up_to=None, packages_up_to_regex=None, packages_above=None, packages_above_and_dependencies=None, packages_above_depth=None, packages_select_by_dep=None, packages_skip_by_dep=None, packages_skip_up_to=None, packages_select_build_failed=False, packages_skip_build_finished=False, packages_select_test_failures=False, packages_skip_test_passed=False, packages_select=['cpp_pubsub'], packages_skip=None, packages_select_regex=None, packages_skip_regex=None, packages_start=None, packages_end=None, allow_overriding=[], cmake_args=None, cmake_target=None, cmake_target_skip_unavailable=False, cmake_clean_cache=False, cmake_clean_first=False, cmake_force_configure=False, ament_cmake_args=None, catkin_cmake_args=None, catkin_skip_building_tests=False, verb_parser=<colcon_defaults.argument_parser.defaults.DefaultArgumentsDecorator object at 0x7f0e2921d570>, verb_extension=<colcon_core.verb.build.BuildVerb object at 0x7f0e29b8de10>, main=<bound method BuildVerb.main of <colcon_core.verb.build.BuildVerb object at 0x7f0e29b8de10>>)
[0.589s] Level 1:colcon.colcon_core.package_discovery:discover_packages(colcon_meta) check parameters
[0.590s] Level 1:colcon.colcon_core.package_discovery:discover_packages(recursive) check parameters
[0.590s] Level 1:colcon.colcon_core.package_discovery:discover_packages(ignore) check parameters
[0.590s] Level 1:colcon.colcon_core.package_discovery:discover_packages(path) check parameters
[0.590s] Level 1:colcon.colcon_core.package_discovery:discover_packages(colcon_meta) discover
[0.590s] Level 1:colcon.colcon_core.package_discovery:discover_packages(recursive) discover
[0.590s] INFO:colcon.colcon_core.package_discovery:Crawling recursively for packages in '/home/linux/ENPM808X/beginner_tutorials/ros2_ws'
[0.590s] Level 1:colcon.colcon_core.package_identification:_identify(.) by extensions ['ignore', 'ignore_ament_install']
[0.590s] Level 1:colcon.colcon_core.package_identification:_identify(.) by extension 'ignore'
[0.590s] Level 1:colcon.colcon_core.package_identification:_identify(.) by extension 'ignore_ament_install'
[0.590s] Level 1:colcon.colcon_core.package_identification:_identify(.) by extensions ['colcon_pkg']
[0.590s] Level 1:colcon.colcon_core.package_identification:_identify(.) by extension 'colcon_pkg'
[0.590s] Level 1:colcon.colcon_core.package_identification:_identify(.) by extensions ['colcon_meta']
[0.590s] Level 1:colcon.colcon_core.package_identification:_identify(.) by extension 'colcon_meta'
[0.590s] Level 1:colcon.colcon_core.package_identification:_identify(.) by extensions ['ros']
[0.590s] Level 1:colcon.colcon_core.package_identification:_identify(.) by extension 'ros'
[0.607s] Level 1:colcon.colcon_core.package_identification:_identify(.) by extensions ['cmake', 'python']
[0.607s] Level 1:colcon.colcon_core.package_identification:_identify(.) by extension 'cmake'
[0.607s] Level 1:colcon.colcon_core.package_identification:_identify(.) by extension 'python'
[0.607s] Level 1:colcon.colcon_core.package_identification:_identify(.) by extensions ['python_setup_py']
[0.608s] Level 1:colcon.colcon_core.package_identification:_identify(.) by extension 'python_setup_py'
[0.608s] Level 1:colcon.colcon_core.package_identification:_identify(build) by extensions ['ignore', 'ignore_ament_install']
[0.608s] Level 1:colcon.colcon_core.package_identification:_identify(build) by extension 'ignore'
[0.608s] Level 1:colcon.colcon_core.package_identification:_identify(build) ignored
[0.608s] Level 1:colcon.colcon_core.package_identification:_identify(install) by extensions ['ignore', 'ignore_ament_install']
[0.608s] Level 1:colcon.colcon_core.package_identification:_identify(install) by extension 'ignore'
[0.608s] Level 1:colcon.colcon_core.package_identification:_identify(install) ignored
[0.608s] Level 1:colcon.colcon_core.package_identification:_identify(log) by extensions ['ignore', 'ignore_ament_install']
[0.608s] Level 1:colcon.colcon_core.package_identification:_identify(log) by extension 'ignore'
[0.609s] Level 1:colcon.colcon_core.package_identification:_identify(log) ignored
[0.609s] Level 1:colcon.colcon_core.package_identification:_identify(src) by extensions ['ignore', 'ignore_ament_install']
[0.609s] Level 1:colcon.colcon_core.package_identification:_identify(src) by extension 'ignore'
[0.609s] Level 1:colcon.colcon_core.package_identification:_identify(src) by extension 'ignore_ament_install'
[0.609s] Level 1:colcon.colcon_core.package_identification:_identify(src) by extensions ['colcon_pkg']
[0.609s] Level 1:colcon.colcon_core.package_identification:_identify(src) by extension 'colcon_pkg'
[0.609s] Level 1:colcon.colcon_core.package_identification:_identify(src) by extensions ['colcon_meta']
[0.609s] Level 1:colcon.colcon_core.package_identification:_identify(src) by extension 'colcon_meta'
[0.609s] Level 1:colcon.colcon_core.package_identification:_identify(src) by extensions ['ros']
[0.609s] Level 1:colcon.colcon_core.package_identification:_identify(src) by extension 'ros'
[0.609s] Level 1:colcon.colcon_core.package_identification:_identify(src) by extensions ['cmake', 'python']
[0.609s] Level 1:colcon.colcon_core.package_identification:_identify(src) by extension 'cmake'
[0.609s] Level 1:colcon.colcon_core.package_identification:_identify(src) by extension 'python'
[0.610s] Level 1:colcon.colcon_core.package_identification:_identify(src) by extensions ['python_setup_py']
[0.610s] Level 1:colcon.colcon_core.package_identification:_identify(src) by extension 'python_setup_py'
[0.610s] Level 1:colcon.colcon_core.package_identification:_identify(src/cpp_pubsub) by extensions ['ignore', 'ignore_ament_install']
[0.610s] Level 1:colcon.colcon_core.package_identification:_identify(src/cpp_pubsub) by extension 'ignore'
[0.610s] Level 1:colcon.colcon_core.package_identification:_identify(src/cpp_pubsub) by extension 'ignore_ament_install'
[0.610s] Level 1:colcon.colcon_core.package_identification:_identify(src/cpp_pubsub) by extensions ['colcon_pkg']
[0.610s] Level 1:colcon.colcon_core.package_identification:_identify(src/cpp_pubsub) by extension 'colcon_pkg'
[0.610s] Level 1:colcon.colcon_core.package_identification:_identify(src/cpp_pubsub) by extensions ['colcon_meta']
[0.610s] Level 1:colcon.colcon_core.package_identification:_identify(src/cpp_pubsub) by extension 'colcon_meta'
[0.610s] Level 1:colcon.colcon_core.package_identification:_identify(src/cpp_pubsub) by extensions ['ros']
[0.610s] Level 1:colcon.colcon_core.package_identification:_identify(src/cpp_pubsub) by extension 'ros'
[0.614s] DEBUG:colcon.colcon_core.package_identification:Package 'src/cpp_pubsub' with type 'ros.ament_cmake' and name 'cpp_pubsub'
[0.614s] Level 1:colcon.colcon_core.package_identification:_identify(src/launch) by extensions ['ignore', 'ignore_ament_install']
[0.614s] Level 1:colcon.colcon_core.package_identification:_identify(src/launch) by extension 'ignore'
[0.614s] Level 1:colcon.colcon_core.package_identification:_identify(src/launch) by extension 'ignore_ament_install'
[0.614s] Level 1:colcon.colcon_core.package_identification:_identify(src/launch) by extensions ['colcon_pkg']
[0.614s] Level 1:colcon.colcon_core.package_identification:_identify(src/launch) by extension 'colcon_pkg'
[0.614s] Level 1:colcon.colcon_core.package_identification:_identify(src/launch) by extensions ['colcon_meta']
[0.614s] Level 1:colcon.colcon_core.package_identification:_identify(src/launch) by extension 'colcon_meta'
[0.615s] Level 1:colcon.colcon_core.package_identification:_identify(src/launch) by extensions ['ros']
[0.615s] Level 1:colcon.colcon_core.package_identification:_identify(src/launch) by extension 'ros'
[0.615s] Level 1:colcon.colcon_core.package_identification:_identify(src/launch) by extensions ['cmake', 'python']
[0.615s] Level 1:colcon.colcon_core.package_identification:_identify(src/launch) by extension 'cmake'
[0.615s] Level 1:colcon.colcon_core.package_identification:_identify(src/launch) by extension 'python'
[0.615s] Level 1:colcon.colcon_core.package_identification:_identify(src/launch) by extensions ['python_setup_py']
[0.615s] Level 1:colcon.colcon_core.package_identification:_identify(src/launch) by extension 'python_setup_py'
[0.615s] Level 1:colcon.colcon_core.package_discovery:discover_packages(recursive) using defaults
[0.615s] Level 1:colcon.colcon_core.package_discovery:discover_packages(ignore) discover
[0.615s] Level 1:colcon.colcon_core.package_discovery:discover_packages(ignore) using defaults
[0.615s] Level 1:colcon.colcon_core.package_discovery:discover_packages(path) discover
[0.615s] Level 1:colcon.colcon_core.package_discovery:discover_packages(path) using defaults
[0.673s] Level 1:colcon.colcon_core.package_discovery:discover_packages(prefix_path) check parameters
[0.673s] Level 1:colcon.colcon_core.package_discovery:discover_packages(prefix_path) discover
[0.689s] DEBUG:colcon.colcon_installed_package_information.package_discovery:Found 1 installed packages in /home/linux/ENPM808X/beginner_tutorials/ros2_ws/install
[0.698s] DEBUG:colcon.colcon_installed_package_information.package_discovery:Found 340 installed packages in /home/linux/ros2_humble/install
[0.702s] DEBUG:colcon.colcon_installed_package_information.package_discovery:Found 156 installed packages in /opt/ros/humble
[0.708s] Level 1:colcon.colcon_core.package_discovery:discover_packages(prefix_path) using defaults
[0.768s] Level 5:colcon.colcon_core.verb:set package 'cpp_pubsub' build argument 'cmake_args' from command line to 'None'
[0.768s] Level 5:colcon.colcon_core.verb:set package 'cpp_pubsub' build argument 'cmake_target' from command line to 'None'
[0.768s] Level 5:colcon.colcon_core.verb:set package 'cpp_pubsub' build argument 'cmake_target_skip_unavailable' from command line to 'False'
[0.768s] Level 5:colcon.colcon_core.verb:set package 'cpp_pubsub' build argument 'cmake_clean_cache' from command line to 'False'
[0.768s] Level 5:colcon.colcon_core.verb:set package 'cpp_pubsub' build argument 'cmake_clean_first' from command line to 'False'
[0.768s] Level 5:colcon.colcon_core.verb:set package 'cpp_pubsub' build argument 'cmake_force_configure' from command line to 'False'
[0.768s] Level 5:colcon.colcon_core.verb:set package 'cpp_pubsub' build argument 'ament_cmake_args' from command line to 'None'
[0.768s] Level 5:colcon.colcon_core.verb:set package 'cpp_pubsub' build argument 'catkin_cmake_args' from command line to 'None'
[0.769s] Level 5:colcon.colcon_core.verb:set package 'cpp_pubsub' build argument 'catkin_skip_building_tests' from command line to 'False'
[0.769s] DEBUG:colcon.colcon_core.verb:Building package 'cpp_pubsub' with the following arguments: {'ament_cmake_args': None, 'build_base': '/home/linux/ENPM808X/beginner_tutorials/ros2_ws/build/cpp_pubsub', 'catkin_cmake_args': None, 'catkin_skip_building_tests': False, 'cmake_args': None, 'cmake_clean_cache': False, 'cmake_clean_first': False, 'cmake_force_configure': False, 'cmake_target': None, 'cmake_target_skip_unavailable': False, 'install_base': '/home/linux/ENPM808X/beginner_tutorials/ros2_ws/install/cpp_pubsub', 'merge_install': False, 'path': '/home/linux/ENPM808X/beginner_tutorials/ros2_ws/src/cpp_pubsub', 'symlink_install': False, 'test_result_base': None}
[0.771s] INFO:colcon.colcon_core.executor:Executing jobs using 'parallel' executor
[0.779s] DEBUG:colcon.colcon_parallel_executor.executor.parallel:run_until_complete
[0.779s] INFO:colcon.colcon_ros.task.ament_cmake.build:Building ROS package in '/home/linux/ENPM808X/beginner_tutorials/ros2_ws/src/cpp_pubsub' with build type 'ament_cmake'
[0.779s] INFO:colcon.colcon_cmake.task.cmake.build:Building CMake package in '/home/linux/ENPM808X/beginner_tutorials/ros2_ws/src/cpp_pubsub'
[0.788s] INFO:colcon.colcon_core.plugin_system:Skipping extension 'colcon_core.shell.bat': Not used on non-Windows systems
[0.789s] INFO:colcon.colcon_core.shell:Skip shell extension 'powershell' for command environment: Not usable outside of PowerShell
[0.789s] DEBUG:colcon.colcon_core.shell:Skip shell extension 'dsv' for command environment
[0.833s] DEBUG:colcon.colcon_core.event_handler.log_command:Invoking command in '/home/linux/ENPM808X/beginner_tutorials/ros2_ws/build/cpp_pubsub': CMAKE_PREFIX_PATH=${CMAKE_PREFIX_PATH}:/home/linux/ros2_humble/install/rqt_bag_plugins:/home/linux/ros2_humble/install/rqt_bag:/home/linux/ros2_humble/install/ros2bag:/home/linux/ros2_humble/install/tracetools_test:/home/linux/ros2_humble/install/tracetools_launch:/home/linux/ros2_humble/install/topic_monitor:/home/linux/ros2_humble/install/tf2_tools:/home/linux/ros2_humble/install/examples_tf2_py:/home/linux/ros2_humble/install/tf2_ros_py:/home/linux/ros2_humble/install/sros2:/home/linux/ros2_humble/install/rqt_topic:/home/linux/ros2_humble/install/rqt_srv:/home/linux/ros2_humble/install/rqt_shell:/home/linux/ros2_humble/install/rqt_service_caller:/home/linux/ros2_humble/install/rqt_reconfigure:/home/linux/ros2_humble/install/rqt_py_console:/home/linux/ros2_humble/install/rqt_publisher:/home/linux/ros2_humble/install/rqt_plot:/home/linux/ros2_humble/install/rqt_action:/home/linux/ros2_humble/install/rqt_msg:/home/linux/ros2_humble/install/rqt_console:/home/linux/ros2_humble/install/rqt:/home/linux/ros2_humble/install/rqt_graph:/home/linux/ros2_humble/install/rqt_gui_py:/home/linux/ros2_humble/install/rqt_gui:/home/linux/ros2_humble/install/ros2trace:/home/linux/ros2_humble/install/ros2topic:/home/linux/ros2_humble/install/ros2test:/home/linux/ros2_humble/install/ros2component:/home/linux/ros2_humble/install/ros2param:/home/linux/ros2_humble/install/ros2lifecycle:/home/linux/ros2_humble/install/ros2service:/home/linux/ros2_humble/install/ros2run:/home/linux/ros2_humble/install/ros2launch:/home/linux/ros2_humble/install/ros2pkg:/home/linux/ros2_humble/install/ros2node:/home/linux/ros2_humble/install/ros2multicast:/home/linux/ros2_humble/install/ros2interface:/home/linux/ros2_humble/install/ros2doctor:/home/linux/ros2_humble/install/ros2action:/home/linux/ros2_humble/install/ros2cli:/home/linux/ros2_humble/install/quality_of_service_demo_py:/home/linux/ros2_humble/install/lifecycle_py:/home/linux/ros2_humble/install/launch_testing_ros:/home/linux/ros2_humble/install/launch_ros:/home/linux/ros2_humble/install/examples_rclpy_pointcloud_publisher:/home/linux/ros2_humble/install/examples_rclpy_minimal_subscriber:/home/linux/ros2_humble/install/examples_rclpy_minimal_service:/home/linux/ros2_humble/install/examples_rclpy_minimal_publisher:/home/linux/ros2_humble/install/examples_rclpy_minimal_client:/home/linux/ros2_humble/install/examples_rclpy_minimal_action_server:/home/linux/ros2_humble/install/examples_rclpy_minimal_action_client:/home/linux/ros2_humble/install/examples_rclpy_guard_conditions:/home/linux/ros2_humble/install/examples_rclpy_executors:/home/linux/ros2_humble/install/demo_nodes_py:/home/linux/ros2_humble/install/action_tutorials_py:/home/linux/ros2_humble/install/ament_uncrustify:/home/linux/ros2_humble/install/tracetools_trace:/home/linux/ros2_humble/install/tracetools_read:/home/linux/ros2_humble/install/test_tracetools_launch:/home/linux/ros2_humble/install/test_launch_ros:/home/linux/ros2_humble/install/sensor_msgs_py:/home/linux/ros2_humble/install/rpyutils:/home/linux/ros2_humble/install/rosidl_runtime_py:/home/linux/ros2_humble/install/rosidl_cli:/home/linux/ros2_humble/install/launch_pytest:/home/linux/ros2_humble/install/launch_testing:/home/linux/ros2_humble/install/launch_yaml:/home/linux/ros2_humble/install/launch_xml:/home/linux/ros2_humble/install/launch:/home/linux/ros2_humble/install/osrf_pycommon:/home/linux/ros2_humble/install/launch_testing_examples:/home/linux/ros2_humble/install/domain_coordinator:/home/linux/ros2_humble/install/ament_xmllint:/home/linux/ros2_humble/install/ament_pyflakes:/home/linux/ros2_humble/install/ament_pycodestyle:/home/linux/ros2_humble/install/ament_pep257:/home/linux/ros2_humble/install/ament_pclint:/home/linux/ros2_humble/install/ament_package:/home/linux/ros2_humble/install/ament_mypy:/home/linux/ros2_humble/install/ament_lint_cmake:/home/linux/ros2_humble/install/ament_flake8:/home/linux/ros2_humble/install/ament_copyright:/home/linux/ros2_humble/install/ament_lint:/home/linux/ros2_humble/install/ament_index_python:/home/linux/ros2_humble/install/ament_cpplint:/home/linux/ros2_humble/install/ament_cppcheck:/home/linux/ros2_humble/install/ament_clang_tidy:/home/linux/ros2_humble/install/ament_clang_format:/opt/ros/humble /usr/bin/cmake --build /home/linux/ENPM808X/beginner_tutorials/ros2_ws/build/cpp_pubsub -- -j4 -l4
[6.533s] DEBUG:colcon.colcon_core.event_handler.log_command:Invoked command in '/home/linux/ENPM808X/beginner_tutorials/ros2_ws/build/cpp_pubsub' returned '2': CMAKE_PREFIX_PATH=${CMAKE_PREFIX_PATH}:/home/linux/ros2_humble/install/rqt_bag_plugins:/home/linux/ros2_humble/install/rqt_bag:/home/linux/ros2_humble/install/ros2bag:/home/linux/ros2_humble/install/tracetools_test:/home/linux/ros2_humble/install/tracetools_launch:/home/linux/ros2_humble/install/topic_monitor:/home/linux/ros2_humble/install/tf2_tools:/home/linux/ros2_humble/install/examples_tf2_py:/home/linux/ros2_humble/install/tf2_ros_py:/home/linux/ros2_humble/install/sros2:/home/linux/ros2_humble/install/rqt_topic:/home/linux/ros2_humble/install/rqt_srv:/home/linux/ros2_humble/install/rqt_shell:/home/linux/ros2_humble/install/rqt_service_caller:/home/linux/ros2_humble/install/rqt_reconfigure:/home/linux/ros2_humble/install/rqt_py_console:/home/linux/ros2_humble/install/rqt_publisher:/home/linux/ros2_humble/install/rqt_plot:/home/linux/ros2_humble/install/rqt_action:/home/linux/ros2_humble/install/rqt_msg:/home/linux/ros2_humble/install/rqt_console:/home/linux/ros2_humble/install/rqt:/home/linux/ros2_humble/install/rqt_graph:/home/linux/ros2_humble/install/rqt_gui_py:/home/linux/ros2_humble/install/rqt_gui:/home/linux/ros2_humble/install/ros2trace:/home/linux/ros2_humble/install/ros2topic:/home/linux/ros2_humble/install/ros2test:/home/linux/ros2_humble/install/ros2component:/home/linux/ros2_humble/install/ros2param:/home/linux/ros2_humble/install/ros2lifecycle:/home/linux/ros2_humble/install/ros2service:/home/linux/ros2_humble/install/ros2run:/home/linux/ros2_humble/install/ros2launch:/home/linux/ros2_humble/install/ros2pkg:/home/linux/ros2_humble/install/ros2node:/home/linux/ros2_humble/install/ros2multicast:/home/linux/ros2_humble/install/ros2interface:/home/linux/ros2_humble/install/ros2doctor:/home/linux/ros2_humble/install/ros2action:/home/linux/ros2_humble/install/ros2cli:/home/linux/ros2_humble/install/quality_of_service_demo_py:/home/linux/ros2_humble/install/lifecycle_py:/home/linux/ros2_humble/install/launch_testing_ros:/home/linux/ros2_humble/install/launch_ros:/home/linux/ros2_humble/install/examples_rclpy_pointcloud_publisher:/home/linux/ros2_humble/install/examples_rclpy_minimal_subscriber:/home/linux/ros2_humble/install/examples_rclpy_minimal_service:/home/linux/ros2_humble/install/examples_rclpy_minimal_publisher:/home/linux/ros2_humble/install/examples_rclpy_minimal_client:/home/linux/ros2_humble/install/examples_rclpy_minimal_action_server:/home/linux/ros2_humble/install/examples_rclpy_minimal_action_client:/home/linux/ros2_humble/install/examples_rclpy_guard_conditions:/home/linux/ros2_humble/install/examples_rclpy_executors:/home/linux/ros2_humble/install/demo_nodes_py:/home/linux/ros2_humble/install/action_tutorials_py:/home/linux/ros2_humble/install/ament_uncrustify:/home/linux/ros2_humble/install/tracetools_trace:/home/linux/ros2_humble/install/tracetools_read:/home/linux/ros2_humble/install/test_tracetools_launch:/home/linux/ros2_humble/install/test_launch_ros:/home/linux/ros2_humble/install/sensor_msgs_py:/home/linux/ros2_humble/install/rpyutils:/home/linux/ros2_humble/install/rosidl_runtime_py:/home/linux/ros2_humble/install/rosidl_cli:/home/linux/ros2_humble/install/launch_pytest:/home/linux/ros2_humble/install/launch_testing:/home/linux/ros2_humble/install/launch_yaml:/home/linux/ros2_humble/install/launch_xml:/home/linux/ros2_humble/install/launch:/home/linux/ros2_humble/install/osrf_pycommon:/home/linux/ros2_humble/install/launch_testing_examples:/home/linux/ros2_humble/install/domain_coordinator:/home/linux/ros2_humble/install/ament_xmllint:/home/linux/ros2_humble/install/ament_pyflakes:/home/linux/ros2_humble/install/ament_pycodestyle:/home/linux/ros2_humble/install/ament_pep257:/home/linux/ros2_humble/install/ament_pclint:/home/linux/ros2_humble/install/ament_package:/home/linux/ros2_humble/install/ament_mypy:/home/linux/ros2_humble/install/ament_lint_cmake:/home/linux/ros2_humble/install/ament_flake8:/home/linux/ros2_humble/install/ament_copyright:/home/linux/ros2_humble/install/ament_lint:/home/linux/ros2_humble/install/ament_index_python:/home/linux/ros2_humble/install/ament_cpplint:/home/linux/ros2_humble/install/ament_cppcheck:/home/linux/ros2_humble/install/ament_clang_tidy:/home/linux/ros2_humble/install/ament_clang_format:/opt/ros/humble /usr/bin/cmake --build /home/linux/ENPM808X/beginner_tutorials/ros2_ws/build/cpp_pubsub -- -j4 -l4
[6.657s] Level 1:colcon.colcon_core.environment:create_environment_scripts_only(cpp_pubsub)
[6.672s] Level 1:colcon.colcon_core.environment:checking '/home/linux/ENPM808X/beginner_tutorials/ros2_ws/install/cpp_pubsub' for CMake module files
[6.673s] Level 1:colcon.colcon_core.environment:checking '/home/linux/ENPM808X/beginner_tutorials/ros2_ws/install/cpp_pubsub' for CMake config files
[6.673s] Level 1:colcon.colcon_core.shell:create_environment_hook('cpp_pubsub', 'cmake_prefix_path')
[6.678s] INFO:colcon.colcon_core.shell:Creating environment hook '/home/linux/ENPM808X/beginner_tutorials/ros2_ws/install/cpp_pubsub/share/cpp_pubsub/hook/cmake_prefix_path.ps1'
[6.679s] INFO:colcon.colcon_core.shell:Creating environment descriptor '/home/linux/ENPM808X/beginner_tutorials/ros2_ws/install/cpp_pubsub/share/cpp_pubsub/hook/cmake_prefix_path.dsv'
[6.679s] INFO:colcon.colcon_core.shell:Creating environment hook '/home/linux/ENPM808X/beginner_tutorials/ros2_ws/install/cpp_pubsub/share/cpp_pubsub/hook/cmake_prefix_path.sh'
[6.681s] Level 1:colcon.colcon_core.environment:checking '/home/linux/ENPM808X/beginner_tutorials/ros2_ws/install/cpp_pubsub/lib'
[6.681s] Level 1:colcon.colcon_core.environment:checking '/home/linux/ENPM808X/beginner_tutorials/ros2_ws/install/cpp_pubsub/bin'
[6.681s] Level 1:colcon.colcon_core.environment:checking '/home/linux/ENPM808X/beginner_tutorials/ros2_ws/install/cpp_pubsub/lib/pkgconfig/cpp_pubsub.pc'
[6.681s] Level 1:colcon.colcon_core.environment:checking '/home/linux/ENPM808X/beginner_tutorials/ros2_ws/install/cpp_pubsub/lib/python3.10/site-packages'
[6.682s] Level 1:colcon.colcon_core.environment:checking '/home/linux/ENPM808X/beginner_tutorials/ros2_ws/install/cpp_pubsub/bin'
[6.684s] INFO:colcon.colcon_core.shell:Creating package script '/home/linux/ENPM808X/beginner_tutorials/ros2_ws/install/cpp_pubsub/share/cpp_pubsub/package.ps1'
[6.686s] INFO:colcon.colcon_core.shell:Creating package descriptor '/home/linux/ENPM808X/beginner_tutorials/ros2_ws/install/cpp_pubsub/share/cpp_pubsub/package.dsv'
[6.687s] INFO:colcon.colcon_core.shell:Creating package script '/home/linux/ENPM808X/beginner_tutorials/ros2_ws/install/cpp_pubsub/share/cpp_pubsub/package.sh'
[6.689s] INFO:colcon.colcon_core.shell:Creating package script '/home/linux/ENPM808X/beginner_tutorials/ros2_ws/install/cpp_pubsub/share/cpp_pubsub/package.bash'
[6.690s] INFO:colcon.colcon_core.shell:Creating package script '/home/linux/ENPM808X/beginner_tutorials/ros2_ws/install/cpp_pubsub/share/cpp_pubsub/package.zsh'
[6.692s] Level 1:colcon.colcon_core.environment:create_file_with_runtime_dependencies(/home/linux/ENPM808X/beginner_tutorials/ros2_ws/install/cpp_pubsub/share/colcon-core/packages/cpp_pubsub)
[6.702s] DEBUG:colcon.colcon_parallel_executor.executor.parallel:closing loop
[6.702s] DEBUG:colcon.colcon_parallel_executor.executor.parallel:loop closed
[6.703s] DEBUG:colcon.colcon_parallel_executor.executor.parallel:run_until_complete finished with '2'
[6.703s] DEBUG:colcon.colcon_core.event_reactor:joining thread
[6.734s] INFO:colcon.colcon_core.plugin_system:Skipping extension 'colcon_notification.desktop_notification.terminal_notifier': Not used on non-Darwin systems
[6.734s] INFO:colcon.colcon_core.plugin_system:Skipping extension 'colcon_notification.desktop_notification.win32': Not used on non-Windows systems
[6.734s] INFO:colcon.colcon_notification.desktop_notification:Sending desktop notification using 'notify2'
[6.751s] DEBUG:colcon.colcon_core.event_reactor:joined thread
[6.757s] INFO:colcon.colcon_core.shell:Creating prefix script '/home/linux/ENPM808X/beginner_tutorials/ros2_ws/install/local_setup.ps1'
[6.761s] INFO:colcon.colcon_core.shell:Creating prefix util module '/home/linux/ENPM808X/beginner_tutorials/ros2_ws/install/_local_setup_util_ps1.py'
[6.763s] INFO:colcon.colcon_core.shell:Creating prefix chain script '/home/linux/ENPM808X/beginner_tutorials/ros2_ws/install/setup.ps1'
[6.788s] INFO:colcon.colcon_core.shell:Creating prefix script '/home/linux/ENPM808X/beginner_tutorials/ros2_ws/install/local_setup.sh'
[6.790s] INFO:colcon.colcon_core.shell:Creating prefix util module '/home/linux/ENPM808X/beginner_tutorials/ros2_ws/install/_local_setup_util_sh.py'
[6.790s] INFO:colcon.colcon_core.shell:Creating prefix chain script '/home/linux/ENPM808X/beginner_tutorials/ros2_ws/install/setup.sh'
[6.817s] INFO:colcon.colcon_core.shell:Creating prefix script '/home/linux/ENPM808X/beginner_tutorials/ros2_ws/install/local_setup.bash'
[6.818s] INFO:colcon.colcon_core.shell:Creating prefix chain script '/home/linux/ENPM808X/beginner_tutorials/ros2_ws/install/setup.bash'
[6.837s] INFO:colcon.colcon_core.shell:Creating prefix script '/home/linux/ENPM808X/beginner_tutorials/ros2_ws/install/local_setup.zsh'
[6.838s] INFO:colcon.colcon_core.shell:Creating prefix chain script '/home/linux/ENPM808X/beginner_tutorials/ros2_ws/install/setup.zsh'
