[01m[K/home/linux/ENPM808X/beginner_tutorials/ros2_ws/src/cpp_pubsub/src/publisher_member_function.cpp:98:51:[m[K [01;31m[Kerror: [m[Kmacro "RCLCPP_FATAL_STREAM" requires 2 arguments, but only 1 given
   98 |     RCLCPP_FATAL_STREAM("Fequency of 0 is invalid"[01;31m[K)[m[K;
      |                                                   [01;31m[K^[m[K
In file included from [01m[K/home/linux/ros2_humble/install/rclcpp/include/rclcpp/rclcpp/client.hpp:40[m[K,
                 from [01m[K/home/linux/ros2_humble/install/rclcpp/include/rclcpp/rclcpp/callback_group.hpp:23[m[K,
                 from [01m[K/home/linux/ros2_humble/install/rclcpp/include/rclcpp/rclcpp/any_executable.hpp:20[m[K,
                 from [01m[K/home/linux/ros2_humble/install/rclcpp/include/rclcpp/rclcpp/memory_strategy.hpp:25[m[K,
                 from [01m[K/home/linux/ros2_humble/install/rclcpp/include/rclcpp/rclcpp/memory_strategies.hpp:18[m[K,
                 from [01m[K/home/linux/ros2_humble/install/rclcpp/include/rclcpp/rclcpp/executor_options.hpp:20[m[K,
                 from [01m[K/home/linux/ros2_humble/install/rclcpp/include/rclcpp/rclcpp/executor.hpp:37[m[K,
                 from [01m[K/home/linux/ros2_humble/install/rclcpp/include/rclcpp/rclcpp/executors/multi_threaded_executor.hpp:25[m[K,
                 from [01m[K/home/linux/ros2_humble/install/rclcpp/include/rclcpp/rclcpp/executors.hpp:21[m[K,
                 from [01m[K/home/linux/ros2_humble/install/rclcpp/include/rclcpp/rclcpp/rclcpp.hpp:155[m[K,
                 from [01m[K/home/linux/ENPM808X/beginner_tutorials/ros2_ws/src/cpp_pubsub/src/publisher_member_function.cpp:24[m[K:
[01m[K/home/linux/ros2_humble/build/rclcpp/include/rclcpp/logging.hpp:2027:[m[K [01;36m[Knote: [m[Kmacro "RCLCPP_FATAL_STREAM" defined here
 2027 | #define RCLCPP_FATAL_STREAM(logger, stream_arg) \
      | 
[01m[K/home/linux/ENPM808X/beginner_tutorials/ros2_ws/src/cpp_pubsub/src/publisher_member_function.cpp:102:53:[m[K [01;31m[Kerror: [m[Kmacro "RCLCPP_ERROR_STREAM" requires 2 arguments, but only 1 given
  102 |     RCLCPP_ERROR_STREAM("Frequency must be positive"[01;31m[K)[m[K;
      |                                                     [01;31m[K^[m[K
In file included from [01m[K/home/linux/ros2_humble/install/rclcpp/include/rclcpp/rclcpp/client.hpp:40[m[K,
                 from [01m[K/home/linux/ros2_humble/install/rclcpp/include/rclcpp/rclcpp/callback_group.hpp:23[m[K,
                 from [01m[K/home/linux/ros2_humble/install/rclcpp/include/rclcpp/rclcpp/any_executable.hpp:20[m[K,
                 from [01m[K/home/linux/ros2_humble/install/rclcpp/include/rclcpp/rclcpp/memory_strategy.hpp:25[m[K,
                 from [01m[K/home/linux/ros2_humble/install/rclcpp/include/rclcpp/rclcpp/memory_strategies.hpp:18[m[K,
                 from [01m[K/home/linux/ros2_humble/install/rclcpp/include/rclcpp/rclcpp/executor_options.hpp:20[m[K,
                 from [01m[K/home/linux/ros2_humble/install/rclcpp/include/rclcpp/rclcpp/executor.hpp:37[m[K,
                 from [01m[K/home/linux/ros2_humble/install/rclcpp/include/rclcpp/rclcpp/executors/multi_threaded_executor.hpp:25[m[K,
                 from [01m[K/home/linux/ros2_humble/install/rclcpp/include/rclcpp/rclcpp/executors.hpp:21[m[K,
                 from [01m[K/home/linux/ros2_humble/install/rclcpp/include/rclcpp/rclcpp/rclcpp.hpp:155[m[K,
                 from [01m[K/home/linux/ENPM808X/beginner_tutorials/ros2_ws/src/cpp_pubsub/src/publisher_member_function.cpp:24[m[K:
[01m[K/home/linux/ros2_humble/build/rclcpp/include/rclcpp/logging.hpp:1592:[m[K [01;36m[Knote: [m[Kmacro "RCLCPP_ERROR_STREAM" defined here
 1592 | #define RCLCPP_ERROR_STREAM(logger, stream_arg) \
      | 
[01m[K/home/linux/ENPM808X/beginner_tutorials/ros2_ws/src/cpp_pubsub/src/publisher_member_function.cpp:106:66:[m[K [01;31m[Kerror: [m[Kmacro "RCLCPP_WARN_STREAM" requires 2 arguments, but only 1 given
  106 |     RCLCPP_WARN_STREAM("Any frequency higher than 12 is too high"[01;31m[K)[m[K;
      |                                                                  [01;31m[K^[m[K
In file included from [01m[K/home/linux/ros2_humble/install/rclcpp/include/rclcpp/rclcpp/client.hpp:40[m[K,
                 from [01m[K/home/linux/ros2_humble/install/rclcpp/include/rclcpp/rclcpp/callback_group.hpp:23[m[K,
                 from [01m[K/home/linux/ros2_humble/install/rclcpp/include/rclcpp/rclcpp/any_executable.hpp:20[m[K,
                 from [01m[K/home/linux/ros2_humble/install/rclcpp/include/rclcpp/rclcpp/memory_strategy.hpp:25[m[K,
                 from [01m[K/home/linux/ros2_humble/install/rclcpp/include/rclcpp/rclcpp/memory_strategies.hpp:18[m[K,
                 from [01m[K/home/linux/ros2_humble/install/rclcpp/include/rclcpp/rclcpp/executor_options.hpp:20[m[K,
                 from [01m[K/home/linux/ros2_humble/install/rclcpp/include/rclcpp/rclcpp/executor.hpp:37[m[K,
                 from [01m[K/home/linux/ros2_humble/install/rclcpp/include/rclcpp/rclcpp/executors/multi_threaded_executor.hpp:25[m[K,
                 from [01m[K/home/linux/ros2_humble/install/rclcpp/include/rclcpp/rclcpp/executors.hpp:21[m[K,
                 from [01m[K/home/linux/ros2_humble/install/rclcpp/include/rclcpp/rclcpp/rclcpp.hpp:155[m[K,
                 from [01m[K/home/linux/ENPM808X/beginner_tutorials/ros2_ws/src/cpp_pubsub/src/publisher_member_function.cpp:24[m[K:
[01m[K/home/linux/ros2_humble/build/rclcpp/include/rclcpp/logging.hpp:1157:[m[K [01;36m[Knote: [m[Kmacro "RCLCPP_WARN_STREAM" defined here
 1157 | #define RCLCPP_WARN_STREAM(logger, stream_arg) \
      | 
[01m[K/home/linux/ENPM808X/beginner_tutorials/ros2_ws/src/cpp_pubsub/src/publisher_member_function.cpp:[m[K In member function ‘[01m[Kvoid MinimalPublisher::timer_callback()[m[K’:
[01m[K/home/linux/ENPM808X/beginner_tutorials/ros2_ws/src/cpp_pubsub/src/publisher_member_function.cpp:98:5:[m[K [01;31m[Kerror: [m[K‘[01m[KRCLCPP_FATAL_STREAM[m[K’ was not declared in this scope
   98 |     [01;31m[KRCLCPP_FATAL_STREAM[m[K("Fequency of 0 is invalid");
      |     [01;31m[K^~~~~~~~~~~~~~~~~~~[m[K
[01m[K/home/linux/ENPM808X/beginner_tutorials/ros2_ws/src/cpp_pubsub/src/publisher_member_function.cpp:102:5:[m[K [01;31m[Kerror: [m[K‘[01m[KRCLCPP_ERROR_STREAM[m[K’ was not declared in this scope
  102 |     [01;31m[KRCLCPP_ERROR_STREAM[m[K("Frequency must be positive");
      |     [01;31m[K^~~~~~~~~~~~~~~~~~~[m[K
[01m[K/home/linux/ENPM808X/beginner_tutorials/ros2_ws/src/cpp_pubsub/src/publisher_member_function.cpp:106:5:[m[K [01;31m[Kerror: [m[K‘[01m[KRCLCPP_WARN_STREAM[m[K’ was not declared in this scope
  106 |     [01;31m[KRCLCPP_WARN_STREAM[m[K("Any frequency higher than 12 is too high");
      |     [01;31m[K^~~~~~~~~~~~~~~~~~[m[K
gmake[2]: *** [CMakeFiles/talker.dir/build.make:76: CMakeFiles/talker.dir/src/publisher_member_function.cpp.o] Error 1
gmake[1]: *** [CMakeFiles/Makefile2:139: CMakeFiles/talker.dir/all] Error 2
gmake: *** [Makefile:146: all] Error 2
