In file included from [01m[K/home/linux/ros2_humble/install/rclcpp/include/rclcpp/rclcpp/client.hpp:40[m[K,
                 from [01m[K/home/linux/ros2_humble/install/rclcpp/include/rclcpp/rclcpp/callback_group.hpp:23[m[K,
                 from [01m[K/home/linux/ros2_humble/install/rclcpp/include/rclcpp/rclcpp/any_executable.hpp:20[m[K,
                 from [01m[K/home/linux/ros2_humble/install/rclcpp/include/rclcpp/rclcpp/memory_strategy.hpp:25[m[K,
                 from [01m[K/home/linux/ros2_humble/install/rclcpp/include/rclcpp/rclcpp/memory_strategies.hpp:18[m[K,
                 from [01m[K/home/linux/ros2_humble/install/rclcpp/include/rclcpp/rclcpp/executor_options.hpp:20[m[K,
                 from [01m[K/home/linux/ros2_humble/install/rclcpp/include/rclcpp/rclcpp/executor.hpp:37[m[K,
                 from [01m[K/home/linux/ros2_humble/install/rclcpp/include/rclcpp/rclcpp/executors/multi_threaded_executor.hpp:25[m[K,
                 from [01m[K/home/linux/ros2_humble/install/rclcpp/include/rclcpp/rclcpp/executors.hpp:21[m[K,
                 from [01m[K/home/linux/ros2_humble/install/rclcpp/include/rclcpp/rclcpp/rclcpp.hpp:155[m[K,
                 from [01m[K/home/linux/ENPM808X/beginner_tutorials/ros2_ws/src/cpp_pubsub/src/publisher_member_function.cpp:28[m[K:
[01m[K/home/linux/ENPM808X/beginner_tutorials/ros2_ws/src/cpp_pubsub/src/publisher_member_function.cpp:[m[K In member function ‘[01m[Kvoid MinimalPublisher::timer_callback()[m[K’:
[01m[K/home/linux/ENPM808X/beginner_tutorials/ros2_ws/src/cpp_pubsub/src/publisher_member_function.cpp:102:5:[m[K [01;31m[Kerror: [m[Kstatic assertion failed: First argument to logging macros must be an rclcpp::Logger
  102 |     [01;31m[KRCLCPP_FATAL[m[K("Fequency of 0 is invalid");
      |     [01;31m[K^~~~~~~~~~~~[m[K
In file included from [01m[K/home/linux/ENPM808X/beginner_tutorials/ros2_ws/src/cpp_pubsub/src/publisher_member_function.cpp:26[m[K:
[01m[K/home/linux/ENPM808X/beginner_tutorials/ros2_ws/src/cpp_pubsub/src/publisher_member_function.cpp:102:5:[m[K [01;31m[Kerror: [m[Krequest for member ‘[01m[Kget_name[m[K’ in ‘[01m[K("Fequency of 0 is invalid")[m[K’, which is of non-class type ‘[01m[Kconst char [25][m[K’
  102 |     [01;31m[KRCLCPP_FATAL[m[K("Fequency of 0 is invalid");
      |     [01;31m[K^~~~~~~~~~~~[m[K
[01m[K/home/linux/ENPM808X/beginner_tutorials/ros2_ws/src/cpp_pubsub/src/publisher_member_function.cpp:102:5:[m[K [01;31m[Kerror: [m[Krequest for member ‘[01m[Kget_name[m[K’ in ‘[01m[K("Fequency of 0 is invalid")[m[K’, which is of non-class type ‘[01m[Kconst char [25][m[K’
  102 |     [01;31m[KRCLCPP_FATAL[m[K("Fequency of 0 is invalid");
      |     [01;31m[K^~~~~~~~~~~~[m[K
[01m[K/home/linux/ENPM808X/beginner_tutorials/ros2_ws/src/cpp_pubsub/src/publisher_member_function.cpp:102:5:[m[K [01;31m[Kerror: [m[Kexpected primary-expression before ‘[01m[K)[m[K’ token
  102 |     [01;31m[KRCLCPP_FATAL[m[K("Fequency of 0 is invalid");
      |     [01;31m[K^~~~~~~~~~~~[m[K
[01m[K/home/linux/ENPM808X/beginner_tutorials/ros2_ws/src/cpp_pubsub/src/publisher_member_function.cpp:106:5:[m[K [01;31m[Kerror: [m[K‘[01m[KRCLCPP_ERROR[m[K’ was not declared in this scope
  106 |     [01;31m[KRCLCPP_ERROR[m[K"Frequency must be positive");
      |     [01;31m[K^~~~~~~~~~~~[m[K
In file included from [01m[K/home/linux/ros2_humble/install/rclcpp/include/rclcpp/rclcpp/client.hpp:40[m[K,
                 from [01m[K/home/linux/ros2_humble/install/rclcpp/include/rclcpp/rclcpp/callback_group.hpp:23[m[K,
                 from [01m[K/home/linux/ros2_humble/install/rclcpp/include/rclcpp/rclcpp/any_executable.hpp:20[m[K,
                 from [01m[K/home/linux/ros2_humble/install/rclcpp/include/rclcpp/rclcpp/memory_strategy.hpp:25[m[K,
                 from [01m[K/home/linux/ros2_humble/install/rclcpp/include/rclcpp/rclcpp/memory_strategies.hpp:18[m[K,
                 from [01m[K/home/linux/ros2_humble/install/rclcpp/include/rclcpp/rclcpp/executor_options.hpp:20[m[K,
                 from [01m[K/home/linux/ros2_humble/install/rclcpp/include/rclcpp/rclcpp/executor.hpp:37[m[K,
                 from [01m[K/home/linux/ros2_humble/install/rclcpp/include/rclcpp/rclcpp/executors/multi_threaded_executor.hpp:25[m[K,
                 from [01m[K/home/linux/ros2_humble/install/rclcpp/include/rclcpp/rclcpp/executors.hpp:21[m[K,
                 from [01m[K/home/linux/ros2_humble/install/rclcpp/include/rclcpp/rclcpp/rclcpp.hpp:155[m[K,
                 from [01m[K/home/linux/ENPM808X/beginner_tutorials/ros2_ws/src/cpp_pubsub/src/publisher_member_function.cpp:28[m[K:
[01m[K/home/linux/ENPM808X/beginner_tutorials/ros2_ws/src/cpp_pubsub/src/publisher_member_function.cpp:110:5:[m[K [01;31m[Kerror: [m[Kstatic assertion failed: First argument to logging macros must be an rclcpp::Logger
  110 |     [01;31m[KRCLCPP_WARN[m[K("Any frequency higher than 12 is too high");
      |     [01;31m[K^~~~~~~~~~~[m[K
In file included from [01m[K/home/linux/ENPM808X/beginner_tutorials/ros2_ws/src/cpp_pubsub/src/publisher_member_function.cpp:26[m[K:
[01m[K/home/linux/ENPM808X/beginner_tutorials/ros2_ws/src/cpp_pubsub/src/publisher_member_function.cpp:110:5:[m[K [01;31m[Kerror: [m[Krequest for member ‘[01m[Kget_name[m[K’ in ‘[01m[K("Any frequency higher than 12 is too high")[m[K’, which is of non-class type ‘[01m[Kconst char [41][m[K’
  110 |     [01;31m[KRCLCPP_WARN[m[K("Any frequency higher than 12 is too high");
      |     [01;31m[K^~~~~~~~~~~[m[K
[01m[K/home/linux/ENPM808X/beginner_tutorials/ros2_ws/src/cpp_pubsub/src/publisher_member_function.cpp:110:5:[m[K [01;31m[Kerror: [m[Krequest for member ‘[01m[Kget_name[m[K’ in ‘[01m[K("Any frequency higher than 12 is too high")[m[K’, which is of non-class type ‘[01m[Kconst char [41][m[K’
  110 |     [01;31m[KRCLCPP_WARN[m[K("Any frequency higher than 12 is too high");
      |     [01;31m[K^~~~~~~~~~~[m[K
[01m[K/home/linux/ENPM808X/beginner_tutorials/ros2_ws/src/cpp_pubsub/src/publisher_member_function.cpp:110:5:[m[K [01;31m[Kerror: [m[Kexpected primary-expression before ‘[01m[K)[m[K’ token
  110 |     [01;31m[KRCLCPP_WARN[m[K("Any frequency higher than 12 is too high");
      |     [01;31m[K^~~~~~~~~~~[m[K
gmake[2]: *** [CMakeFiles/talker.dir/build.make:76: CMakeFiles/talker.dir/src/publisher_member_function.cpp.o] Interrupt
gmake[1]: *** [CMakeFiles/Makefile2:139: CMakeFiles/talker.dir/all] Interrupt
gmake: *** [Makefile:146: all] Interrupt
