-- The C compiler identification is GNU 11.3.0
-- The CXX compiler identification is GNU 11.3.0
-- Detecting C compiler ABI info
-- Detecting C compiler ABI info - done
-- Check for working C compiler: /usr/bin/cc - skipped
-- Detecting C compile features
-- Detecting C compile features - done
-- Detecting CXX compiler ABI info
-- Detecting CXX compiler ABI info - done
-- Check for working CXX compiler: /usr/bin/c++ - skipped
-- Detecting CXX compile features
-- Detecting CXX compile features - done
-- Found ament_cmake: 1.3.2 (/home/linux/ros2_humble/install/ament_cmake/share/ament_cmake/cmake)
-- Found Python3: /usr/bin/python3.10 (found version "3.10.6") found components: Interpreter 
-- Found rclcpp: 16.0.1 (/home/linux/ros2_humble/install/rclcpp/share/rclcpp/cmake)
-- Found rosidl_generator_c: 3.1.3 (/home/linux/ros2_humble/install/rosidl_generator_c/share/rosidl_generator_c/cmake)
-- Found rosidl_adapter: 3.1.3 (/home/linux/ros2_humble/install/rosidl_adapter/share/rosidl_adapter/cmake)
-- Found rosidl_generator_cpp: 3.1.3 (/home/linux/ros2_humble/install/rosidl_generator_cpp/share/rosidl_generator_cpp/cmake)
-- Using all available rosidl_typesupport_c: rosidl_typesupport_introspection_c;rosidl_typesupport_fastrtps_c
-- Using all available rosidl_typesupport_cpp: rosidl_typesupport_introspection_cpp;rosidl_typesupport_fastrtps_cpp
-- Found rmw_implementation_cmake: 6.1.0 (/home/linux/ros2_humble/install/rmw_implementation_cmake/share/rmw_implementation_cmake/cmake)
-- Found rmw_fastrtps_cpp: 6.2.1 (/home/linux/ros2_humble/install/rmw_fastrtps_cpp/share/rmw_fastrtps_cpp/cmake)
-- Found OpenSSL: /usr/lib/x86_64-linux-gnu/libcrypto.so (found version "3.0.2")  
-- Found FastRTPS: /home/linux/ros2_humble/install/fastrtps/include  
-- Using RMW implementation 'rmw_fastrtps_cpp' as default
-- Looking for pthread.h
-- Looking for pthread.h - found
-- Performing Test CMAKE_HAVE_LIBC_PTHREAD
-- Performing Test CMAKE_HAVE_LIBC_PTHREAD - Success
-- Found Threads: TRUE  
-- Found example_interfaces: 0.9.3 (/home/linux/ros2_humble/install/example_interfaces/share/example_interfaces/cmake)
-- Configuring done
-- Generating done
-- Build files have been written to: /home/linux/ENPM808X/beginner_tutorials/ros2_ws/build/week11
[ 25%] [32mBuilding CXX object CMakeFiles/listener.dir/src/subscriber_member_function.cpp.o[0m
[ 50%] [32mBuilding CXX object CMakeFiles/talker.dir/src/publisher_member_function.cpp.o[0m
[ 75%] [32m[1mLinking CXX executable listener[0m
[100%] [32m[1mLinking CXX executable talker[0m
[100%] Built target listener
[100%] Built target talker
-- Install configuration: ""
-- Installing: /home/linux/ENPM808X/beginner_tutorials/ros2_ws/install/week11/lib/week11/talker
-- Set runtime path of "/home/linux/ENPM808X/beginner_tutorials/ros2_ws/install/week11/lib/week11/talker" to ""
-- Installing: /home/linux/ENPM808X/beginner_tutorials/ros2_ws/install/week11/lib/week11/listener
-- Set runtime path of "/home/linux/ENPM808X/beginner_tutorials/ros2_ws/install/week11/lib/week11/listener" to ""
-- Installing: /home/linux/ENPM808X/beginner_tutorials/ros2_ws/install/week11/share/ament_index/resource_index/package_run_dependencies/week11
-- Installing: /home/linux/ENPM808X/beginner_tutorials/ros2_ws/install/week11/share/ament_index/resource_index/parent_prefix_path/week11
-- Installing: /home/linux/ENPM808X/beginner_tutorials/ros2_ws/install/week11/share/week11/environment/ament_prefix_path.sh
-- Installing: /home/linux/ENPM808X/beginner_tutorials/ros2_ws/install/week11/share/week11/environment/ament_prefix_path.dsv
-- Installing: /home/linux/ENPM808X/beginner_tutorials/ros2_ws/install/week11/share/week11/environment/path.sh
-- Installing: /home/linux/ENPM808X/beginner_tutorials/ros2_ws/install/week11/share/week11/environment/path.dsv
-- Installing: /home/linux/ENPM808X/beginner_tutorials/ros2_ws/install/week11/share/week11/local_setup.bash
-- Installing: /home/linux/ENPM808X/beginner_tutorials/ros2_ws/install/week11/share/week11/local_setup.sh
-- Installing: /home/linux/ENPM808X/beginner_tutorials/ros2_ws/install/week11/share/week11/local_setup.zsh
-- Installing: /home/linux/ENPM808X/beginner_tutorials/ros2_ws/install/week11/share/week11/local_setup.dsv
-- Installing: /home/linux/ENPM808X/beginner_tutorials/ros2_ws/install/week11/share/week11/package.dsv
-- Installing: /home/linux/ENPM808X/beginner_tutorials/ros2_ws/install/week11/share/ament_index/resource_index/packages/week11
-- Installing: /home/linux/ENPM808X/beginner_tutorials/ros2_ws/install/week11/share/week11/cmake/week11Config.cmake
-- Installing: /home/linux/ENPM808X/beginner_tutorials/ros2_ws/install/week11/share/week11/cmake/week11Config-version.cmake
-- Installing: /home/linux/ENPM808X/beginner_tutorials/ros2_ws/install/week11/share/week11/package.xml
